<?xml version="1.0" encoding="UTF-8"?>
<testng-results ignored="0" total="4" passed="0" failed="0" skipped="4">
  <reporter-output>
  </reporter-output>
  <suite started-at="2022-08-18T13:41:24 IST" name="Default suite" finished-at="2022-08-18T13:41:51 IST" duration-ms="27207">
    <groups>
    </groups>
    <test started-at="2022-08-18T13:41:24 IST" name="Default test" finished-at="2022-08-18T13:41:51 IST" duration-ms="27207">
      <class name="TestCase.Landing_Page_Test">
        <test-method is-config="true" signature="configApp()[pri:0, instance:TestCase.Landing_Page_Test@2805d709]" started-at="2022-08-18T13:41:24 IST" name="configApp" finished-at="2022-08-18T13:41:51 IST" duration-ms="27026" status="FAIL">
          <exception class="io.appium.java_client.service.local.AppiumServerHasNotBeenStartedLocallyException">
            <message>
              <![CDATA[The local appium server has not been started. The given Node.js executable: C:\Program Files\nodejs\node.exe Arguments: [C:\Users\Viraj\AppData\Roaming\npm\node_modules\appium\build\lib\main.js, --port, 4723, --address, 0.0.0.0] 
Process output: [35m[Appium][39m Welcome to Appium v1.22.3
[35m[Appium][39m Appium REST http interface listener started on 0.0.0.0:4723
[35m[HTTP][39m [37m-->[39m [37mGET[39m [37m/status[39m
[35m[HTTP][39m [90m{}[39m
[debug] [35m[HTTP][39m No route found for /status
[35m[HTTP][39m [37m<-- GET /status [39m[33m404[39m [90m24 ms - 211[39m
[35m[HTTP][39m [90m[39m
[35m[HTTP][39m [37m-->[39m [37mGET[39m [37m/status[39m
[35m[HTTP][39m [90m{}[39m
[debug] [35m[HTTP][39m No route found for /status
[35m[HTTP][39m [37m<-- GET /status [39m[33m404[39m [90m65 ms - 211[39m
[35m[HTTP][39m [90m[39m
[35m[HTTP][39m [37m-->[39m [37mGET[39m [37m/status[39m
[35m[HTTP][39m [90m{}[39m
[debug] [35m[HTTP][39m No route found for /status
[35m[HTTP][39m [37m<-- GET /status [39m[33m404[39m [90m4 ms - 211[39m
[35m[HTTP][39m [90m[39m
[35m[HTTP][39m [37m-->[39m [37mGET[39m [37m/status[39m
[35m[HTTP][39m [90m{}[39m
[debug] [35m[HTTP][39m No route found for /status
[35m[HTTP][39m [37m<-- GET /status [39m[33m404[39m [90m3 ms - 211[39m
[35m[HTTP][39m [90m[39m
[35m[HTTP][39m [37m-->[39m [37mGET[39m [37m/status[39m
[35m[HTTP][39m [90m{}[39m
[debug] [35m[HTTP][39m No route found for /status
[35m[HTTP][39m [37m<-- GET /status [39m[33m404[39m [90m5 ms - 211[39m
[35m[HTTP][39m [90m[39m
[35m[HTTP][39m [37m-->[39m [37mGET[39m [37m/status[39m
[35m[HTTP][39m [90m{}[39m
[debug] [35m[HTTP][39m No route found for /status
[35m[HTTP][39m [37m<-- GET /status [39m[33m404[39m [90m2 ms - 211[39m
[35m[HTTP][39m [90m[39m
[35m[HTTP][39m [37m-->[39m [37mGET[39m [37m/status[39m
[35m[HTTP][39m [90m{}[39m
[debug] [35m[HTTP][39m No route found for /status
[35m[HTTP][39m [37m<-- GET /status [39m[33m404[39m [90m5 ms - 211[39m
[35m[HTTP][39m [90m[39m
[35m[HTTP][39m [37m-->[39m [37mGET[39m [37m/status[39m
[35m[HTTP][39m [90m{}[39m
[debug] [35m[HTTP][39m No route found for /status
[35m[HTTP][39m [37m<-- GET /status [39m[33m404[39m [90m4 ms - 211[39m
[35m[HTTP][39m [90m[39m
[35m[HTTP][39m [37m-->[39m [37mGET[39m [37m/status[39m
[35m[HTTP][39m [90m{}[39m
[debug] [35m[HTTP][39m No route found for /status
[35m[HTTP][39m [37m<-- GET /status [39m[33m404[39m [90m4 ms - 211[39m
[35m[HTTP][39m [90m[39m
[35m[HTTP][39m [37m-->[39m [37mGET[39m [37m/status[39m
[35m[HTTP][39m [90m{}[39m
[debug] [35m[HTTP][39m No route found for /status
[35m[HTTP][39m [37m<-- GET /status [39m[33m404[39m [90m5 ms - 211[39m
[35m[HTTP][39m [90m[39m
[35m[HTTP][39m [37m-->[39m [37mGET[39m [37m/status[39m
[35m[HTTP][39m [90m{}[39m
[debug] [35m[HTTP][39m No route found for /status
[35m[HTTP][39m [37m<-- GET /status [39m[33m404[39m [90m5 ms - 211[39m
[35m[HTTP][39m [90m[39m
[35m[HTTP][39m [37m-->[39m [37mGET[39m [37m/status[39m
[35m[HTTP][39m [90m{}[39m
[debug] [35m[HTTP][39m No route found for /status
[35m[HTTP][39m [37m<-- GET /status [39m[33m404[39m [90m2 ms - 211[39m
[35m[HTTP][39m [90m[39m
[35m[HTTP][39m [37m-->[39m [37mGET[39m [37m/status[39m
[35m[HTTP][39m [90m{}[39m
[debug] [35m[HTTP][39m No route found for /status
[35m[HTTP][39m [37m<-- GET /status [39m[33m404[39m [90m1 ms - 211[39m
[35m[HTTP][39m [90m[39m
[35m[HTTP][39m [37m-->[39m [37mGET[39m [37m/status[39m
[35m[HTTP][39m [90m{}[39m
[debug] [35m[HTTP][39m No route found for /status
[35m[HTTP][39m [37m<-- GET /status [39m[33m404[39m [90m2 ms - 211[39m
[35m[HTTP][39m [90m[39m
[35m[HTTP][39m [37m-->[39m [37mGET[39m [37m/status[39m
[35m[HTTP][39m [90m{}[39m
[debug] [35m[HTTP][39m No route found for /status
[35m[HTTP][39m [37m<-- GET /status [39m[33m404[39m [90m2 ms - 211[39m
[35m[HTTP][39m [90m[39m
[35m[HTTP][39m [37m-->[39m [37mGET[39m [37m/status[39m
[35m[HTTP][39m [90m{}[39m
[debug] [35m[HTTP][39m No route found for /status
[35m[HTTP][39m [37m<-- GET /status [39m[33m404[39m [90m1 ms - 211[39m
[35m[HTTP][39m [90m[39m
[35m[HTTP][39m [37m-->[39m [37mGET[39m [37m/status[39m
[35m[HTTP][39m [90m{}[39m
[debug] [35m[HTTP][39m No route found for /status
[35m[HTTP][39m [37m<-- GET /status [39m[33m404[39m [90m1 ms - 211[39m
[35m[HTTP][39m [90m[39m
[35m[HTTP][39m [37m-->[39m [37mGET[39m [37m/status[39m
[35m[HTTP][39m [90m{}[39m
[debug] [35m[HTTP][39m No route found for /status
[35m[HTTP][39m [37m<-- GET /status [39m[33m404[39m [90m2 ms - 211[39m
[35m[HTTP][39m [90m[39m
[35m[HTTP][39m [37m-->[39m [37mGET[39m [37m/status[39m
[35m[HTTP][39m [90m{}[39m
[debug] [35m[HTTP][39m No route found for /status
[35m[HTTP][39m [37m<-- GET /status [39m[33m404[39m [90m2 ms - 211[39m
[35m[HTTP][39m [90m[39m
[35m[HTTP][39m [37m-->[39m [37mGET[39m [37m/status[39m
[35m[HTTP][39m [90m{}[39m
[debug] [35m[HTTP][39m No route found for /status
[35m[HTTP][39m [37m<-- GET /status [39m[33m404[39m [90m1 ms - 211[39m
[35m[HTTP][39m [90m[39m
[35m[HTTP][39m [37m-->[39m [37mGET[39m [37m/status[39m
[35m[HTTP][39m [90m{}[39m
[debug] [35m[HTTP][39m No route found for /status
[35m[HTTP][39m [37m<-- GET /status [39m[33m404[39m [90m2 ms - 211[39m
[35m[HTTP][39m [90m[39m
[35m[HTTP][39m [37m-->[39m [37mGET[39m [37m/status[39m
[35m[HTTP][39m [90m{}[39m
[debug] [35m[HTTP][39m No route found for /status
[35m[HTTP][39m [37m<-- GET /status [39m[33m404[39m [90m3 ms - 211[39m
[35m[HTTP][39m [90m[39m
[35m[HTTP][39m [37m-->[39m [37mGET[39m [37m/status[39m
[35m[HTTP][39m [90m{}[39m
[debug] [35m[HTTP][39m No route found for /status
[35m[HTTP][39m [37m<-- GET /status [39m[33m404[39m [90m4 ms - 211[39m
[35m[HTTP][39m [90m[39m
[35m[HTTP][39m [37m-->[39m [37mGET[39m [37m/status[39m
[35m[HTTP][39m [90m{}[39m
[debug] [35m[HTTP][39m No route found for /status
[35m[HTTP][39m [37m<-- GET /status [39m[33m404[39m [90m3 ms - 211[39m
[35m[HTTP][39m [90m[39m
[35m[HTTP][39m [37m-->[39m [37mGET[39m [37m/status[39m
[35m[HTTP][39m [90m{}[39m
[debug] [35m[HTTP][39m No route found for /status
[35m[HTTP][39m [37m<-- GET /status [39m[33m404[39m [90m2 ms - 211[39m
[35m[HTTP][39m [90m[39m
[35m[HTTP][39m [37m-->[39m [37mGET[39m [37m/status[39m
[35m[HTTP][39m [90m{}[39m
[debug] [35m[HTTP][39m No route found for /status
[35m[HTTP][39m [37m<-- GET /status [39m[33m404[39m [90m1 ms - 211[39m
[35m[HTTP][39m [90m[39m
[35m[HTTP][39m [37m-->[39m [37mGET[39m [37m/status[39m
[35m[HTTP][39m [90m{}[39m
[debug] [35m[HTTP][39m No route found for /status
[35m[HTTP][39m [37m<-- GET /status [39m[33m404[39m [90m3 ms - 211[39m
[35m[HTTP][39m [90m[39m
[35m[HTTP][39m [37m-->[39m [37mGET[39m [37m/status[39m
[35m[HTTP][39m [90m{}[39m
[debug] [35m[HTTP][39m No route found for /status
[35m[HTTP][39m [37m<-- GET /status [39m[33m404[39m [90m3 ms - 211[39m
[35m[HTTP][39m [90m[39m
[35m[HTTP][39m [37m-->[39m [37mGET[39m [37m/status[39m
[35m[HTTP][39m [90m{}[39m
[debug] [35m[HTTP][39m No route found for /status
[35m[HTTP][39m [37m<-- GET /status [39m[33m404[39m [90m4 ms - 211[39m
[35m[HTTP][39m [90m[39m
[35m[HTTP][39m [37m-->[39m [37mGET[39m [37m/status[39m
[35m[HTTP][39m [90m{}[39m
[debug] [35m[HTTP][39m No route found for /status
[35m[HTTP][39m [37m<-- GET /status [39m[33m404[39m [90m3 ms - 211[39m
[35m[HTTP][39m [90m[39m
[35m[HTTP][39m [37m-->[39m [37mGET[39m [37m/status[39m
[35m[HTTP][39m [90m{}[39m
[debug] [35m[HTTP][39m No route found for /status
[35m[HTTP][39m [37m<-- GET /status [39m[33m404[39m [90m4 ms - 211[39m
[35m[HTTP][39m [90m[39m
[35m[HTTP][39m [37m-->[39m [37mGET[39m [37m/status[39m
[35m[HTTP][39m [90m{}[39m
[debug] [35m[HTTP][39m No route found for /status
[35m[HTTP][39m [37m<-- GET /status [39m[33m404[39m [90m3 ms - 211[39m
[35m[HTTP][39m [90m[39m
[35m[HTTP][39m [37m-->[39m [37mGET[39m [37m/status[39m
[35m[HTTP][39m [90m{}[39m
[debug] [35m[HTTP][39m No route found for /status
[35m[HTTP][39m [37m<-- GET /status [39m[33m404[39m [90m2 ms - 211[39m
[35m[HTTP][39m [90m[39m
[35m[HTTP][39m [37m-->[39m [37mGET[39m [37m/status[39m
[35m[HTTP][39m [90m{}[39m
[debug] [35m[HTTP][39m No route found for /status
[35m[HTTP][39m [37m<-- GET /status [39m[33m404[39m [90m1 ms - 211[39m
[35m[HTTP][39m [90m[39m
[35m[HTTP][39m [37m-->[39m [37mGET[39m [37m/status[39m
[35m[HTTP][39m [90m{}[39m
[debug] [35m[HTTP][39m No route found for /status
[35m[HTTP][39m [37m<-- GET /status [39m[33m404[39m [90m2 ms - 211[39m
[35m[HTTP][39m [90m[39m
[35m[HTTP][39m [37m-->[39m [37mGET[39m [37m/status[39m
[35m[HTTP][39m [90m{}[39m
[debug] [35m[HTTP][39m No route found for /status
[35m[HTTP][39m [37m<-- GET /status [39m[33m404[39m [90m2 ms - 211[39m
[35m[HTTP][39m [90m[39m
[35m[HTTP][39m [37m-->[39m [37mGET[39m [37m/status[39m
[35m[HTTP][39m [90m{}[39m
[debug] [35m[HTTP][39m No route found for /status
[35m[HTTP][39m [37m<-- GET /status [39m[33m404[39m [90m1 ms - 211[39m
[35m[HTTP][39m [90m[39m
[35m[HTTP][39m [37m-->[39m [37mGET[39m [37m/status[39m
[35m[HTTP][39m [90m{}[39m
[debug] [35m[HTTP][39m No route found for /status
[35m[HTTP][39m [37m<-- GET /status [39m[33m404[39m [90m1 ms - 211[39m
[35m[HTTP][39m [90m[39m
[35m[HTTP][39m [37m-->[39m [37mGET[39m [37m/status[39m
[35m[HTTP][39m [90m{}[39m
[debug] [35m[HTTP][39m No route found for /status
[35m[HTTP][39m [37m<-- GET /status [39m[33m404[39m [90m3 ms - 211[39m
[35m[HTTP][39m [90m[39m
[35m[HTTP][39m [37m-->[39m [37mGET[39m [37m/status[39m
[35m[HTTP][39m [90m{}[39m
[debug] [35m[HTTP][39m No route found for /status
[35m[HTTP][39m [37m<-- GET /status [39m[33m404[39m [90m1 ms - 211[39m
[35m[HTTP][39m [90m[39m
[35m[HTTP][39m [37m-->[39m [37mGET[39m [37m/status[39m
[35m[HTTP][39m [90m{}[39m
[debug] [35m[HTTP][39m No route found for /status
[35m[HTTP][39m [37m<-- GET /status [39m[33m404[39m [90m3 ms - 211[39m
[35m[HTTP][39m [90m[39m
[35m[HTTP][39m [37m-->[39m [37mGET[39m [37m/status[39m
[35m[HTTP][39m [90m{}[39m
[debug] [35m[HTTP][39m No route found for /status
[35m[HTTP][39m [37m<-- GET /status [39m[33m404[39m [90m3 ms - 211[39m
[35m[HTTP][39m [90m[39m
[35m[HTTP][39m [37m-->[39m [37mGET[39m [37m/status[39m
[35m[HTTP][39m [90m{}[39m
[debug] [35m[HTTP][39m No route found for /status
[35m[HTTP][39m [37m<-- GET /status [39m[33m404[39m [90m4 ms - 211[39m
[35m[HTTP][39m [90m[39m
[35m[HTTP][39m [37m-->[39m [37mGET[39m [37m/status[39m
[35m[HTTP][39m [90m{}[39m
[debug] [35m[HTTP][39m No route found for /status
[35m[HTTP][39m [37m<-- GET /status [39m[33m404[39m [90m4 ms - 211[39m
[35m[HTTP][39m [90m[39m
[35m[HTTP][39m [37m-->[39m [37mGET[39m [37m/status[39m
[35m[HTTP][39m [90m{}[39m
[debug] [35m[HTTP][39m No route found for /status
[35m[HTTP][39m [37m<-- GET /status [39m[33m404[39m [90m3 ms - 211[39m
[35m[HTTP][39m [90m[39m
[35m[HTTP][39m [37m-->[39m [37mGET[39m [37m/status[39m
[35m[HTTP][39m [90m{}[39m
[debug] [35m[HTTP][39m No route found for /status
[35m[HTTP][39m [37m<-- GET /status [39m[33m404[39m [90m1 ms - 211[39m
[35m[HTTP][39m [90m[39m
[35m[HTTP][39m [37m-->[39m [37mGET[39m [37m/status[39m
[35m[HTTP][39m [90m{}[39m
[debug] [35m[HTTP][39m No route found for /status
[35m[HTTP][39m [37m<-- GET /status [39m[33m404[39m [90m2 ms - 211[39m
[35m[HTTP][39m [90m[39m
[35m[HTTP][39m [37m-->[39m [37mGET[39m [37m/status[39m
[35m[HTTP][39m [90m{}[39m
[debug] [35m[HTTP][39m No route found for /status
[35m[HTTP][39m [37m<-- GET /status [39m[33m404[39m [90m1 ms - 211[39m
[35m[HTTP][39m [90m[39m
[35m[HTTP][39m [37m-->[39m [37mGET[39m [37m/status[39m
[35m[HTTP][39m [90m{}[39m
[debug] [35m[HTTP][39m No route found for /status
[35m[HTTP][39m [37m<-- GET /status [39m[33m404[39m [90m1 ms - 211[39m
[35m[HTTP][39m [90m[39m
[35m[HTTP][39m [37m-->[39m [37mGET[39m [37m/status[39m
[35m[HTTP][39m [90m{}[39m
[debug] [35m[HTTP][39m No route found for /status
[35m[HTTP][39m [37m<-- GET /status [39m[33m404[39m [90m3 ms - 211[39m
[35m[HTTP][39m [90m[39m
[35m[HTTP][39m [37m-->[39m [37mGET[39m [37m/status[39m
[35m[HTTP][39m [90m{}[39m
[debug] [35m[HTTP][39m No route found for /status
[35m[HTTP][39m [37m<-- GET /status [39m[33m404[39m [90m2 ms - 211[39m
[35m[HTTP][39m [90m[39m
[35m[HTTP][39m [37m-->[39m [37mGET[39m [37m/status[39m
[35m[HTTP][39m [90m{}[39m
[debug] [35m[HTTP][39m No route found for /status
[35m[HTTP][39m [37m<-- GET /status [39m[33m404[39m [90m4 ms - 211[39m
[35m[HTTP][39m [90m[39m

]]>
            </message>
            <full-stacktrace>
              <![CDATA[io.appium.java_client.service.local.AppiumServerHasNotBeenStartedLocallyException: The local appium server has not been started. The given Node.js executable: C:\Program Files\nodejs\node.exe Arguments: [C:\Users\Viraj\AppData\Roaming\npm\node_modules\appium\build\lib\main.js, --port, 4723, --address, 0.0.0.0] 
Process output: [35m[Appium][39m Welcome to Appium v1.22.3
[35m[Appium][39m Appium REST http interface listener started on 0.0.0.0:4723
[35m[HTTP][39m [37m-->[39m [37mGET[39m [37m/status[39m
[35m[HTTP][39m [90m{}[39m
[debug] [35m[HTTP][39m No route found for /status
[35m[HTTP][39m [37m<-- GET /status [39m[33m404[39m [90m24 ms - 211[39m
[35m[HTTP][39m [90m[39m
[35m[HTTP][39m [37m-->[39m [37mGET[39m [37m/status[39m
[35m[HTTP][39m [90m{}[39m
[debug] [35m[HTTP][39m No route found for /status
[35m[HTTP][39m [37m<-- GET /status [39m[33m404[39m [90m65 ms - 211[39m
[35m[HTTP][39m [90m[39m
[35m[HTTP][39m [37m-->[39m [37mGET[39m [37m/status[39m
[35m[HTTP][39m [90m{}[39m
[debug] [35m[HTTP][39m No route found for /status
[35m[HTTP][39m [37m<-- GET /status [39m[33m404[39m [90m4 ms - 211[39m
[35m[HTTP][39m [90m[39m
[35m[HTTP][39m [37m-->[39m [37mGET[39m [37m/status[39m
[35m[HTTP][39m [90m{}[39m
[debug] [35m[HTTP][39m No route found for /status
[35m[HTTP][39m [37m<-- GET /status [39m[33m404[39m [90m3 ms - 211[39m
[35m[HTTP][39m [90m[39m
[35m[HTTP][39m [37m-->[39m [37mGET[39m [37m/status[39m
[35m[HTTP][39m [90m{}[39m
[debug] [35m[HTTP][39m No route found for /status
[35m[HTTP][39m [37m<-- GET /status [39m[33m404[39m [90m5 ms - 211[39m
[35m[HTTP][39m [90m[39m
[35m[HTTP][39m [37m-->[39m [37mGET[39m [37m/status[39m
[35m[HTTP][39m [90m{}[39m
[debug] [35m[HTTP][39m No route found for /status
[35m[HTTP][39m [37m<-- GET /status [39m[33m404[39m [90m2 ms - 211[39m
[35m[HTTP][39m [90m[39m
[35m[HTTP][39m [37m-->[39m [37mGET[39m [37m/status[39m
[35m[HTTP][39m [90m{}[39m
[debug] [35m[HTTP][39m No route found for /status
[35m[HTTP][39m [37m<-- GET /status [39m[33m404[39m [90m5 ms - 211[39m
[35m[HTTP][39m [90m[39m
[35m[HTTP][39m [37m-->[39m [37mGET[39m [37m/status[39m
[35m[HTTP][39m [90m{}[39m
[debug] [35m[HTTP][39m No route found for /status
[35m[HTTP][39m [37m<-- GET /status [39m[33m404[39m [90m4 ms - 211[39m
[35m[HTTP][39m [90m[39m
[35m[HTTP][39m [37m-->[39m [37mGET[39m [37m/status[39m
[35m[HTTP][39m [90m{}[39m
[debug] [35m[HTTP][39m No route found for /status
[35m[HTTP][39m [37m<-- GET /status [39m[33m404[39m [90m4 ms - 211[39m
[35m[HTTP][39m [90m[39m
[35m[HTTP][39m [37m-->[39m [37mGET[39m [37m/status[39m
[35m[HTTP][39m [90m{}[39m
[debug] [35m[HTTP][39m No route found for /status
[35m[HTTP][39m [37m<-- GET /status [39m[33m404[39m [90m5 ms - 211[39m
[35m[HTTP][39m [90m[39m
[35m[HTTP][39m [37m-->[39m [37mGET[39m [37m/status[39m
[35m[HTTP][39m [90m{}[39m
[debug] [35m[HTTP][39m No route found for /status
[35m[HTTP][39m [37m<-- GET /status [39m[33m404[39m [90m5 ms - 211[39m
[35m[HTTP][39m [90m[39m
[35m[HTTP][39m [37m-->[39m [37mGET[39m [37m/status[39m
[35m[HTTP][39m [90m{}[39m
[debug] [35m[HTTP][39m No route found for /status
[35m[HTTP][39m [37m<-- GET /status [39m[33m404[39m [90m2 ms - 211[39m
[35m[HTTP][39m [90m[39m
[35m[HTTP][39m [37m-->[39m [37mGET[39m [37m/status[39m
[35m[HTTP][39m [90m{}[39m
[debug] [35m[HTTP][39m No route found for /status
[35m[HTTP][39m [37m<-- GET /status [39m[33m404[39m [90m1 ms - 211[39m
[35m[HTTP][39m [90m[39m
[35m[HTTP][39m [37m-->[39m [37mGET[39m [37m/status[39m
[35m[HTTP][39m [90m{}[39m
[debug] [35m[HTTP][39m No route found for /status
[35m[HTTP][39m [37m<-- GET /status [39m[33m404[39m [90m2 ms - 211[39m
[35m[HTTP][39m [90m[39m
[35m[HTTP][39m [37m-->[39m [37mGET[39m [37m/status[39m
[35m[HTTP][39m [90m{}[39m
[debug] [35m[HTTP][39m No route found for /status
[35m[HTTP][39m [37m<-- GET /status [39m[33m404[39m [90m2 ms - 211[39m
[35m[HTTP][39m [90m[39m
[35m[HTTP][39m [37m-->[39m [37mGET[39m [37m/status[39m
[35m[HTTP][39m [90m{}[39m
[debug] [35m[HTTP][39m No route found for /status
[35m[HTTP][39m [37m<-- GET /status [39m[33m404[39m [90m1 ms - 211[39m
[35m[HTTP][39m [90m[39m
[35m[HTTP][39m [37m-->[39m [37mGET[39m [37m/status[39m
[35m[HTTP][39m [90m{}[39m
[debug] [35m[HTTP][39m No route found for /status
[35m[HTTP][39m [37m<-- GET /status [39m[33m404[39m [90m1 ms - 211[39m
[35m[HTTP][39m [90m[39m
[35m[HTTP][39m [37m-->[39m [37mGET[39m [37m/status[39m
[35m[HTTP][39m [90m{}[39m
[debug] [35m[HTTP][39m No route found for /status
[35m[HTTP][39m [37m<-- GET /status [39m[33m404[39m [90m2 ms - 211[39m
[35m[HTTP][39m [90m[39m
[35m[HTTP][39m [37m-->[39m [37mGET[39m [37m/status[39m
[35m[HTTP][39m [90m{}[39m
[debug] [35m[HTTP][39m No route found for /status
[35m[HTTP][39m [37m<-- GET /status [39m[33m404[39m [90m2 ms - 211[39m
[35m[HTTP][39m [90m[39m
[35m[HTTP][39m [37m-->[39m [37mGET[39m [37m/status[39m
[35m[HTTP][39m [90m{}[39m
[debug] [35m[HTTP][39m No route found for /status
[35m[HTTP][39m [37m<-- GET /status [39m[33m404[39m [90m1 ms - 211[39m
[35m[HTTP][39m [90m[39m
[35m[HTTP][39m [37m-->[39m [37mGET[39m [37m/status[39m
[35m[HTTP][39m [90m{}[39m
[debug] [35m[HTTP][39m No route found for /status
[35m[HTTP][39m [37m<-- GET /status [39m[33m404[39m [90m2 ms - 211[39m
[35m[HTTP][39m [90m[39m
[35m[HTTP][39m [37m-->[39m [37mGET[39m [37m/status[39m
[35m[HTTP][39m [90m{}[39m
[debug] [35m[HTTP][39m No route found for /status
[35m[HTTP][39m [37m<-- GET /status [39m[33m404[39m [90m3 ms - 211[39m
[35m[HTTP][39m [90m[39m
[35m[HTTP][39m [37m-->[39m [37mGET[39m [37m/status[39m
[35m[HTTP][39m [90m{}[39m
[debug] [35m[HTTP][39m No route found for /status
[35m[HTTP][39m [37m<-- GET /status [39m[33m404[39m [90m4 ms - 211[39m
[35m[HTTP][39m [90m[39m
[35m[HTTP][39m [37m-->[39m [37mGET[39m [37m/status[39m
[35m[HTTP][39m [90m{}[39m
[debug] [35m[HTTP][39m No route found for /status
[35m[HTTP][39m [37m<-- GET /status [39m[33m404[39m [90m3 ms - 211[39m
[35m[HTTP][39m [90m[39m
[35m[HTTP][39m [37m-->[39m [37mGET[39m [37m/status[39m
[35m[HTTP][39m [90m{}[39m
[debug] [35m[HTTP][39m No route found for /status
[35m[HTTP][39m [37m<-- GET /status [39m[33m404[39m [90m2 ms - 211[39m
[35m[HTTP][39m [90m[39m
[35m[HTTP][39m [37m-->[39m [37mGET[39m [37m/status[39m
[35m[HTTP][39m [90m{}[39m
[debug] [35m[HTTP][39m No route found for /status
[35m[HTTP][39m [37m<-- GET /status [39m[33m404[39m [90m1 ms - 211[39m
[35m[HTTP][39m [90m[39m
[35m[HTTP][39m [37m-->[39m [37mGET[39m [37m/status[39m
[35m[HTTP][39m [90m{}[39m
[debug] [35m[HTTP][39m No route found for /status
[35m[HTTP][39m [37m<-- GET /status [39m[33m404[39m [90m3 ms - 211[39m
[35m[HTTP][39m [90m[39m
[35m[HTTP][39m [37m-->[39m [37mGET[39m [37m/status[39m
[35m[HTTP][39m [90m{}[39m
[debug] [35m[HTTP][39m No route found for /status
[35m[HTTP][39m [37m<-- GET /status [39m[33m404[39m [90m3 ms - 211[39m
[35m[HTTP][39m [90m[39m
[35m[HTTP][39m [37m-->[39m [37mGET[39m [37m/status[39m
[35m[HTTP][39m [90m{}[39m
[debug] [35m[HTTP][39m No route found for /status
[35m[HTTP][39m [37m<-- GET /status [39m[33m404[39m [90m4 ms - 211[39m
[35m[HTTP][39m [90m[39m
[35m[HTTP][39m [37m-->[39m [37mGET[39m [37m/status[39m
[35m[HTTP][39m [90m{}[39m
[debug] [35m[HTTP][39m No route found for /status
[35m[HTTP][39m [37m<-- GET /status [39m[33m404[39m [90m3 ms - 211[39m
[35m[HTTP][39m [90m[39m
[35m[HTTP][39m [37m-->[39m [37mGET[39m [37m/status[39m
[35m[HTTP][39m [90m{}[39m
[debug] [35m[HTTP][39m No route found for /status
[35m[HTTP][39m [37m<-- GET /status [39m[33m404[39m [90m4 ms - 211[39m
[35m[HTTP][39m [90m[39m
[35m[HTTP][39m [37m-->[39m [37mGET[39m [37m/status[39m
[35m[HTTP][39m [90m{}[39m
[debug] [35m[HTTP][39m No route found for /status
[35m[HTTP][39m [37m<-- GET /status [39m[33m404[39m [90m3 ms - 211[39m
[35m[HTTP][39m [90m[39m
[35m[HTTP][39m [37m-->[39m [37mGET[39m [37m/status[39m
[35m[HTTP][39m [90m{}[39m
[debug] [35m[HTTP][39m No route found for /status
[35m[HTTP][39m [37m<-- GET /status [39m[33m404[39m [90m2 ms - 211[39m
[35m[HTTP][39m [90m[39m
[35m[HTTP][39m [37m-->[39m [37mGET[39m [37m/status[39m
[35m[HTTP][39m [90m{}[39m
[debug] [35m[HTTP][39m No route found for /status
[35m[HTTP][39m [37m<-- GET /status [39m[33m404[39m [90m1 ms - 211[39m
[35m[HTTP][39m [90m[39m
[35m[HTTP][39m [37m-->[39m [37mGET[39m [37m/status[39m
[35m[HTTP][39m [90m{}[39m
[debug] [35m[HTTP][39m No route found for /status
[35m[HTTP][39m [37m<-- GET /status [39m[33m404[39m [90m2 ms - 211[39m
[35m[HTTP][39m [90m[39m
[35m[HTTP][39m [37m-->[39m [37mGET[39m [37m/status[39m
[35m[HTTP][39m [90m{}[39m
[debug] [35m[HTTP][39m No route found for /status
[35m[HTTP][39m [37m<-- GET /status [39m[33m404[39m [90m2 ms - 211[39m
[35m[HTTP][39m [90m[39m
[35m[HTTP][39m [37m-->[39m [37mGET[39m [37m/status[39m
[35m[HTTP][39m [90m{}[39m
[debug] [35m[HTTP][39m No route found for /status
[35m[HTTP][39m [37m<-- GET /status [39m[33m404[39m [90m1 ms - 211[39m
[35m[HTTP][39m [90m[39m
[35m[HTTP][39m [37m-->[39m [37mGET[39m [37m/status[39m
[35m[HTTP][39m [90m{}[39m
[debug] [35m[HTTP][39m No route found for /status
[35m[HTTP][39m [37m<-- GET /status [39m[33m404[39m [90m1 ms - 211[39m
[35m[HTTP][39m [90m[39m
[35m[HTTP][39m [37m-->[39m [37mGET[39m [37m/status[39m
[35m[HTTP][39m [90m{}[39m
[debug] [35m[HTTP][39m No route found for /status
[35m[HTTP][39m [37m<-- GET /status [39m[33m404[39m [90m3 ms - 211[39m
[35m[HTTP][39m [90m[39m
[35m[HTTP][39m [37m-->[39m [37mGET[39m [37m/status[39m
[35m[HTTP][39m [90m{}[39m
[debug] [35m[HTTP][39m No route found for /status
[35m[HTTP][39m [37m<-- GET /status [39m[33m404[39m [90m1 ms - 211[39m
[35m[HTTP][39m [90m[39m
[35m[HTTP][39m [37m-->[39m [37mGET[39m [37m/status[39m
[35m[HTTP][39m [90m{}[39m
[debug] [35m[HTTP][39m No route found for /status
[35m[HTTP][39m [37m<-- GET /status [39m[33m404[39m [90m3 ms - 211[39m
[35m[HTTP][39m [90m[39m
[35m[HTTP][39m [37m-->[39m [37mGET[39m [37m/status[39m
[35m[HTTP][39m [90m{}[39m
[debug] [35m[HTTP][39m No route found for /status
[35m[HTTP][39m [37m<-- GET /status [39m[33m404[39m [90m3 ms - 211[39m
[35m[HTTP][39m [90m[39m
[35m[HTTP][39m [37m-->[39m [37mGET[39m [37m/status[39m
[35m[HTTP][39m [90m{}[39m
[debug] [35m[HTTP][39m No route found for /status
[35m[HTTP][39m [37m<-- GET /status [39m[33m404[39m [90m4 ms - 211[39m
[35m[HTTP][39m [90m[39m
[35m[HTTP][39m [37m-->[39m [37mGET[39m [37m/status[39m
[35m[HTTP][39m [90m{}[39m
[debug] [35m[HTTP][39m No route found for /status
[35m[HTTP][39m [37m<-- GET /status [39m[33m404[39m [90m4 ms - 211[39m
[35m[HTTP][39m [90m[39m
[35m[HTTP][39m [37m-->[39m [37mGET[39m [37m/status[39m
[35m[HTTP][39m [90m{}[39m
[debug] [35m[HTTP][39m No route found for /status
[35m[HTTP][39m [37m<-- GET /status [39m[33m404[39m [90m3 ms - 211[39m
[35m[HTTP][39m [90m[39m
[35m[HTTP][39m [37m-->[39m [37mGET[39m [37m/status[39m
[35m[HTTP][39m [90m{}[39m
[debug] [35m[HTTP][39m No route found for /status
[35m[HTTP][39m [37m<-- GET /status [39m[33m404[39m [90m1 ms - 211[39m
[35m[HTTP][39m [90m[39m
[35m[HTTP][39m [37m-->[39m [37mGET[39m [37m/status[39m
[35m[HTTP][39m [90m{}[39m
[debug] [35m[HTTP][39m No route found for /status
[35m[HTTP][39m [37m<-- GET /status [39m[33m404[39m [90m2 ms - 211[39m
[35m[HTTP][39m [90m[39m
[35m[HTTP][39m [37m-->[39m [37mGET[39m [37m/status[39m
[35m[HTTP][39m [90m{}[39m
[debug] [35m[HTTP][39m No route found for /status
[35m[HTTP][39m [37m<-- GET /status [39m[33m404[39m [90m1 ms - 211[39m
[35m[HTTP][39m [90m[39m
[35m[HTTP][39m [37m-->[39m [37mGET[39m [37m/status[39m
[35m[HTTP][39m [90m{}[39m
[debug] [35m[HTTP][39m No route found for /status
[35m[HTTP][39m [37m<-- GET /status [39m[33m404[39m [90m1 ms - 211[39m
[35m[HTTP][39m [90m[39m
[35m[HTTP][39m [37m-->[39m [37mGET[39m [37m/status[39m
[35m[HTTP][39m [90m{}[39m
[debug] [35m[HTTP][39m No route found for /status
[35m[HTTP][39m [37m<-- GET /status [39m[33m404[39m [90m3 ms - 211[39m
[35m[HTTP][39m [90m[39m
[35m[HTTP][39m [37m-->[39m [37mGET[39m [37m/status[39m
[35m[HTTP][39m [90m{}[39m
[debug] [35m[HTTP][39m No route found for /status
[35m[HTTP][39m [37m<-- GET /status [39m[33m404[39m [90m2 ms - 211[39m
[35m[HTTP][39m [90m[39m
[35m[HTTP][39m [37m-->[39m [37mGET[39m [37m/status[39m
[35m[HTTP][39m [90m{}[39m
[debug] [35m[HTTP][39m No route found for /status
[35m[HTTP][39m [37m<-- GET /status [39m[33m404[39m [90m4 ms - 211[39m
[35m[HTTP][39m [90m[39m


at io.appium.java_client.service.local.AppiumDriverLocalService.start(AppiumDriverLocalService.java:190)
at resources.Base.configApp(Base.java:30)
at java.base/jdk.internal.reflect.NativeMethodAccessorImpl.invoke0(Native Method)
at java.base/jdk.internal.reflect.NativeMethodAccessorImpl.invoke(NativeMethodAccessorImpl.java:77)
at java.base/jdk.internal.reflect.DelegatingMethodAccessorImpl.invoke(DelegatingMethodAccessorImpl.java:43)
at java.base/java.lang.reflect.Method.invoke(Method.java:568)
at org.testng.internal.MethodInvocationHelper.invokeMethod(MethodInvocationHelper.java:133)
at org.testng.internal.MethodInvocationHelper.invokeMethodConsideringTimeout(MethodInvocationHelper.java:62)
at org.testng.internal.ConfigInvoker.invokeConfigurationMethod(ConfigInvoker.java:385)
at org.testng.internal.ConfigInvoker.invokeConfigurations(ConfigInvoker.java:321)
at org.testng.TestRunner.invokeTestConfigurations(TestRunner.java:637)
at org.testng.TestRunner.beforeRun(TestRunner.java:627)
at org.testng.TestRunner.run(TestRunner.java:589)
at org.testng.SuiteRunner.runTest(SuiteRunner.java:377)
at org.testng.SuiteRunner.runSequentially(SuiteRunner.java:371)
at org.testng.SuiteRunner.privateRun(SuiteRunner.java:332)
at org.testng.SuiteRunner.run(SuiteRunner.java:276)
at org.testng.SuiteRunnerWorker.runSuite(SuiteRunnerWorker.java:53)
at org.testng.SuiteRunnerWorker.run(SuiteRunnerWorker.java:96)
at org.testng.TestNG.runSuitesSequentially(TestNG.java:1212)
at org.testng.TestNG.runSuitesLocally(TestNG.java:1134)
at org.testng.TestNG.runSuites(TestNG.java:1063)
at org.testng.TestNG.run(TestNG.java:1031)
at org.testng.remote.AbstractRemoteTestNG.run(AbstractRemoteTestNG.java:115)
at org.testng.remote.RemoteTestNG.initAndRun(RemoteTestNG.java:251)
at org.testng.remote.RemoteTestNG.main(RemoteTestNG.java:77)
Caused by: org.openqa.selenium.net.UrlChecker$TimeoutException: Timed out waiting for [http://127.0.0.1:4723/status] to be available after 20015 ms
at org.openqa.selenium.net.UrlChecker.waitUntilAvailable(UrlChecker.java:89)
at io.appium.java_client.service.local.AppiumDriverLocalService.ping(AppiumDriverLocalService.java:155)
at io.appium.java_client.service.local.AppiumDriverLocalService.start(AppiumDriverLocalService.java:177)
... 25 more
Caused by: java.util.concurrent.TimeoutException
at java.base/java.util.concurrent.FutureTask.get(FutureTask.java:204)
at org.openqa.selenium.net.UrlChecker.waitUntilAvailable(UrlChecker.java:87)
... 27 more
]]>
            </full-stacktrace>
          </exception> <!-- io.appium.java_client.service.local.AppiumServerHasNotBeenStartedLocallyException -->
          <reporter-output>
          </reporter-output>
        </test-method> <!-- configApp -->
        <test-method signature="verify_app_is_launched()[pri:0, instance:TestCase.Landing_Page_Test@2805d709]" started-at="2022-08-18T13:41:51 IST" name="verify_app_is_launched" finished-at="2022-08-18T13:41:51 IST" duration-ms="0" status="SKIP">
          <exception class="io.appium.java_client.service.local.AppiumServerHasNotBeenStartedLocallyException">
            <message>
              <![CDATA[The local appium server has not been started. The given Node.js executable: C:\Program Files\nodejs\node.exe Arguments: [C:\Users\Viraj\AppData\Roaming\npm\node_modules\appium\build\lib\main.js, --port, 4723, --address, 0.0.0.0] 
Process output: [35m[Appium][39m Welcome to Appium v1.22.3
[35m[Appium][39m Appium REST http interface listener started on 0.0.0.0:4723
[35m[HTTP][39m [37m-->[39m [37mGET[39m [37m/status[39m
[35m[HTTP][39m [90m{}[39m
[debug] [35m[HTTP][39m No route found for /status
[35m[HTTP][39m [37m<-- GET /status [39m[33m404[39m [90m24 ms - 211[39m
[35m[HTTP][39m [90m[39m
[35m[HTTP][39m [37m-->[39m [37mGET[39m [37m/status[39m
[35m[HTTP][39m [90m{}[39m
[debug] [35m[HTTP][39m No route found for /status
[35m[HTTP][39m [37m<-- GET /status [39m[33m404[39m [90m65 ms - 211[39m
[35m[HTTP][39m [90m[39m
[35m[HTTP][39m [37m-->[39m [37mGET[39m [37m/status[39m
[35m[HTTP][39m [90m{}[39m
[debug] [35m[HTTP][39m No route found for /status
[35m[HTTP][39m [37m<-- GET /status [39m[33m404[39m [90m4 ms - 211[39m
[35m[HTTP][39m [90m[39m
[35m[HTTP][39m [37m-->[39m [37mGET[39m [37m/status[39m
[35m[HTTP][39m [90m{}[39m
[debug] [35m[HTTP][39m No route found for /status
[35m[HTTP][39m [37m<-- GET /status [39m[33m404[39m [90m3 ms - 211[39m
[35m[HTTP][39m [90m[39m
[35m[HTTP][39m [37m-->[39m [37mGET[39m [37m/status[39m
[35m[HTTP][39m [90m{}[39m
[debug] [35m[HTTP][39m No route found for /status
[35m[HTTP][39m [37m<-- GET /status [39m[33m404[39m [90m5 ms - 211[39m
[35m[HTTP][39m [90m[39m
[35m[HTTP][39m [37m-->[39m [37mGET[39m [37m/status[39m
[35m[HTTP][39m [90m{}[39m
[debug] [35m[HTTP][39m No route found for /status
[35m[HTTP][39m [37m<-- GET /status [39m[33m404[39m [90m2 ms - 211[39m
[35m[HTTP][39m [90m[39m
[35m[HTTP][39m [37m-->[39m [37mGET[39m [37m/status[39m
[35m[HTTP][39m [90m{}[39m
[debug] [35m[HTTP][39m No route found for /status
[35m[HTTP][39m [37m<-- GET /status [39m[33m404[39m [90m5 ms - 211[39m
[35m[HTTP][39m [90m[39m
[35m[HTTP][39m [37m-->[39m [37mGET[39m [37m/status[39m
[35m[HTTP][39m [90m{}[39m
[debug] [35m[HTTP][39m No route found for /status
[35m[HTTP][39m [37m<-- GET /status [39m[33m404[39m [90m4 ms - 211[39m
[35m[HTTP][39m [90m[39m
[35m[HTTP][39m [37m-->[39m [37mGET[39m [37m/status[39m
[35m[HTTP][39m [90m{}[39m
[debug] [35m[HTTP][39m No route found for /status
[35m[HTTP][39m [37m<-- GET /status [39m[33m404[39m [90m4 ms - 211[39m
[35m[HTTP][39m [90m[39m
[35m[HTTP][39m [37m-->[39m [37mGET[39m [37m/status[39m
[35m[HTTP][39m [90m{}[39m
[debug] [35m[HTTP][39m No route found for /status
[35m[HTTP][39m [37m<-- GET /status [39m[33m404[39m [90m5 ms - 211[39m
[35m[HTTP][39m [90m[39m
[35m[HTTP][39m [37m-->[39m [37mGET[39m [37m/status[39m
[35m[HTTP][39m [90m{}[39m
[debug] [35m[HTTP][39m No route found for /status
[35m[HTTP][39m [37m<-- GET /status [39m[33m404[39m [90m5 ms - 211[39m
[35m[HTTP][39m [90m[39m
[35m[HTTP][39m [37m-->[39m [37mGET[39m [37m/status[39m
[35m[HTTP][39m [90m{}[39m
[debug] [35m[HTTP][39m No route found for /status
[35m[HTTP][39m [37m<-- GET /status [39m[33m404[39m [90m2 ms - 211[39m
[35m[HTTP][39m [90m[39m
[35m[HTTP][39m [37m-->[39m [37mGET[39m [37m/status[39m
[35m[HTTP][39m [90m{}[39m
[debug] [35m[HTTP][39m No route found for /status
[35m[HTTP][39m [37m<-- GET /status [39m[33m404[39m [90m1 ms - 211[39m
[35m[HTTP][39m [90m[39m
[35m[HTTP][39m [37m-->[39m [37mGET[39m [37m/status[39m
[35m[HTTP][39m [90m{}[39m
[debug] [35m[HTTP][39m No route found for /status
[35m[HTTP][39m [37m<-- GET /status [39m[33m404[39m [90m2 ms - 211[39m
[35m[HTTP][39m [90m[39m
[35m[HTTP][39m [37m-->[39m [37mGET[39m [37m/status[39m
[35m[HTTP][39m [90m{}[39m
[debug] [35m[HTTP][39m No route found for /status
[35m[HTTP][39m [37m<-- GET /status [39m[33m404[39m [90m2 ms - 211[39m
[35m[HTTP][39m [90m[39m
[35m[HTTP][39m [37m-->[39m [37mGET[39m [37m/status[39m
[35m[HTTP][39m [90m{}[39m
[debug] [35m[HTTP][39m No route found for /status
[35m[HTTP][39m [37m<-- GET /status [39m[33m404[39m [90m1 ms - 211[39m
[35m[HTTP][39m [90m[39m
[35m[HTTP][39m [37m-->[39m [37mGET[39m [37m/status[39m
[35m[HTTP][39m [90m{}[39m
[debug] [35m[HTTP][39m No route found for /status
[35m[HTTP][39m [37m<-- GET /status [39m[33m404[39m [90m1 ms - 211[39m
[35m[HTTP][39m [90m[39m
[35m[HTTP][39m [37m-->[39m [37mGET[39m [37m/status[39m
[35m[HTTP][39m [90m{}[39m
[debug] [35m[HTTP][39m No route found for /status
[35m[HTTP][39m [37m<-- GET /status [39m[33m404[39m [90m2 ms - 211[39m
[35m[HTTP][39m [90m[39m
[35m[HTTP][39m [37m-->[39m [37mGET[39m [37m/status[39m
[35m[HTTP][39m [90m{}[39m
[debug] [35m[HTTP][39m No route found for /status
[35m[HTTP][39m [37m<-- GET /status [39m[33m404[39m [90m2 ms - 211[39m
[35m[HTTP][39m [90m[39m
[35m[HTTP][39m [37m-->[39m [37mGET[39m [37m/status[39m
[35m[HTTP][39m [90m{}[39m
[debug] [35m[HTTP][39m No route found for /status
[35m[HTTP][39m [37m<-- GET /status [39m[33m404[39m [90m1 ms - 211[39m
[35m[HTTP][39m [90m[39m
[35m[HTTP][39m [37m-->[39m [37mGET[39m [37m/status[39m
[35m[HTTP][39m [90m{}[39m
[debug] [35m[HTTP][39m No route found for /status
[35m[HTTP][39m [37m<-- GET /status [39m[33m404[39m [90m2 ms - 211[39m
[35m[HTTP][39m [90m[39m
[35m[HTTP][39m [37m-->[39m [37mGET[39m [37m/status[39m
[35m[HTTP][39m [90m{}[39m
[debug] [35m[HTTP][39m No route found for /status
[35m[HTTP][39m [37m<-- GET /status [39m[33m404[39m [90m3 ms - 211[39m
[35m[HTTP][39m [90m[39m
[35m[HTTP][39m [37m-->[39m [37mGET[39m [37m/status[39m
[35m[HTTP][39m [90m{}[39m
[debug] [35m[HTTP][39m No route found for /status
[35m[HTTP][39m [37m<-- GET /status [39m[33m404[39m [90m4 ms - 211[39m
[35m[HTTP][39m [90m[39m
[35m[HTTP][39m [37m-->[39m [37mGET[39m [37m/status[39m
[35m[HTTP][39m [90m{}[39m
[debug] [35m[HTTP][39m No route found for /status
[35m[HTTP][39m [37m<-- GET /status [39m[33m404[39m [90m3 ms - 211[39m
[35m[HTTP][39m [90m[39m
[35m[HTTP][39m [37m-->[39m [37mGET[39m [37m/status[39m
[35m[HTTP][39m [90m{}[39m
[debug] [35m[HTTP][39m No route found for /status
[35m[HTTP][39m [37m<-- GET /status [39m[33m404[39m [90m2 ms - 211[39m
[35m[HTTP][39m [90m[39m
[35m[HTTP][39m [37m-->[39m [37mGET[39m [37m/status[39m
[35m[HTTP][39m [90m{}[39m
[debug] [35m[HTTP][39m No route found for /status
[35m[HTTP][39m [37m<-- GET /status [39m[33m404[39m [90m1 ms - 211[39m
[35m[HTTP][39m [90m[39m
[35m[HTTP][39m [37m-->[39m [37mGET[39m [37m/status[39m
[35m[HTTP][39m [90m{}[39m
[debug] [35m[HTTP][39m No route found for /status
[35m[HTTP][39m [37m<-- GET /status [39m[33m404[39m [90m3 ms - 211[39m
[35m[HTTP][39m [90m[39m
[35m[HTTP][39m [37m-->[39m [37mGET[39m [37m/status[39m
[35m[HTTP][39m [90m{}[39m
[debug] [35m[HTTP][39m No route found for /status
[35m[HTTP][39m [37m<-- GET /status [39m[33m404[39m [90m3 ms - 211[39m
[35m[HTTP][39m [90m[39m
[35m[HTTP][39m [37m-->[39m [37mGET[39m [37m/status[39m
[35m[HTTP][39m [90m{}[39m
[debug] [35m[HTTP][39m No route found for /status
[35m[HTTP][39m [37m<-- GET /status [39m[33m404[39m [90m4 ms - 211[39m
[35m[HTTP][39m [90m[39m
[35m[HTTP][39m [37m-->[39m [37mGET[39m [37m/status[39m
[35m[HTTP][39m [90m{}[39m
[debug] [35m[HTTP][39m No route found for /status
[35m[HTTP][39m [37m<-- GET /status [39m[33m404[39m [90m3 ms - 211[39m
[35m[HTTP][39m [90m[39m
[35m[HTTP][39m [37m-->[39m [37mGET[39m [37m/status[39m
[35m[HTTP][39m [90m{}[39m
[debug] [35m[HTTP][39m No route found for /status
[35m[HTTP][39m [37m<-- GET /status [39m[33m404[39m [90m4 ms - 211[39m
[35m[HTTP][39m [90m[39m
[35m[HTTP][39m [37m-->[39m [37mGET[39m [37m/status[39m
[35m[HTTP][39m [90m{}[39m
[debug] [35m[HTTP][39m No route found for /status
[35m[HTTP][39m [37m<-- GET /status [39m[33m404[39m [90m3 ms - 211[39m
[35m[HTTP][39m [90m[39m
[35m[HTTP][39m [37m-->[39m [37mGET[39m [37m/status[39m
[35m[HTTP][39m [90m{}[39m
[debug] [35m[HTTP][39m No route found for /status
[35m[HTTP][39m [37m<-- GET /status [39m[33m404[39m [90m2 ms - 211[39m
[35m[HTTP][39m [90m[39m
[35m[HTTP][39m [37m-->[39m [37mGET[39m [37m/status[39m
[35m[HTTP][39m [90m{}[39m
[debug] [35m[HTTP][39m No route found for /status
[35m[HTTP][39m [37m<-- GET /status [39m[33m404[39m [90m1 ms - 211[39m
[35m[HTTP][39m [90m[39m
[35m[HTTP][39m [37m-->[39m [37mGET[39m [37m/status[39m
[35m[HTTP][39m [90m{}[39m
[debug] [35m[HTTP][39m No route found for /status
[35m[HTTP][39m [37m<-- GET /status [39m[33m404[39m [90m2 ms - 211[39m
[35m[HTTP][39m [90m[39m
[35m[HTTP][39m [37m-->[39m [37mGET[39m [37m/status[39m
[35m[HTTP][39m [90m{}[39m
[debug] [35m[HTTP][39m No route found for /status
[35m[HTTP][39m [37m<-- GET /status [39m[33m404[39m [90m2 ms - 211[39m
[35m[HTTP][39m [90m[39m
[35m[HTTP][39m [37m-->[39m [37mGET[39m [37m/status[39m
[35m[HTTP][39m [90m{}[39m
[debug] [35m[HTTP][39m No route found for /status
[35m[HTTP][39m [37m<-- GET /status [39m[33m404[39m [90m1 ms - 211[39m
[35m[HTTP][39m [90m[39m
[35m[HTTP][39m [37m-->[39m [37mGET[39m [37m/status[39m
[35m[HTTP][39m [90m{}[39m
[debug] [35m[HTTP][39m No route found for /status
[35m[HTTP][39m [37m<-- GET /status [39m[33m404[39m [90m1 ms - 211[39m
[35m[HTTP][39m [90m[39m
[35m[HTTP][39m [37m-->[39m [37mGET[39m [37m/status[39m
[35m[HTTP][39m [90m{}[39m
[debug] [35m[HTTP][39m No route found for /status
[35m[HTTP][39m [37m<-- GET /status [39m[33m404[39m [90m3 ms - 211[39m
[35m[HTTP][39m [90m[39m
[35m[HTTP][39m [37m-->[39m [37mGET[39m [37m/status[39m
[35m[HTTP][39m [90m{}[39m
[debug] [35m[HTTP][39m No route found for /status
[35m[HTTP][39m [37m<-- GET /status [39m[33m404[39m [90m1 ms - 211[39m
[35m[HTTP][39m [90m[39m
[35m[HTTP][39m [37m-->[39m [37mGET[39m [37m/status[39m
[35m[HTTP][39m [90m{}[39m
[debug] [35m[HTTP][39m No route found for /status
[35m[HTTP][39m [37m<-- GET /status [39m[33m404[39m [90m3 ms - 211[39m
[35m[HTTP][39m [90m[39m
[35m[HTTP][39m [37m-->[39m [37mGET[39m [37m/status[39m
[35m[HTTP][39m [90m{}[39m
[debug] [35m[HTTP][39m No route found for /status
[35m[HTTP][39m [37m<-- GET /status [39m[33m404[39m [90m3 ms - 211[39m
[35m[HTTP][39m [90m[39m
[35m[HTTP][39m [37m-->[39m [37mGET[39m [37m/status[39m
[35m[HTTP][39m [90m{}[39m
[debug] [35m[HTTP][39m No route found for /status
[35m[HTTP][39m [37m<-- GET /status [39m[33m404[39m [90m4 ms - 211[39m
[35m[HTTP][39m [90m[39m
[35m[HTTP][39m [37m-->[39m [37mGET[39m [37m/status[39m
[35m[HTTP][39m [90m{}[39m
[debug] [35m[HTTP][39m No route found for /status
[35m[HTTP][39m [37m<-- GET /status [39m[33m404[39m [90m4 ms - 211[39m
[35m[HTTP][39m [90m[39m
[35m[HTTP][39m [37m-->[39m [37mGET[39m [37m/status[39m
[35m[HTTP][39m [90m{}[39m
[debug] [35m[HTTP][39m No route found for /status
[35m[HTTP][39m [37m<-- GET /status [39m[33m404[39m [90m3 ms - 211[39m
[35m[HTTP][39m [90m[39m
[35m[HTTP][39m [37m-->[39m [37mGET[39m [37m/status[39m
[35m[HTTP][39m [90m{}[39m
[debug] [35m[HTTP][39m No route found for /status
[35m[HTTP][39m [37m<-- GET /status [39m[33m404[39m [90m1 ms - 211[39m
[35m[HTTP][39m [90m[39m
[35m[HTTP][39m [37m-->[39m [37mGET[39m [37m/status[39m
[35m[HTTP][39m [90m{}[39m
[debug] [35m[HTTP][39m No route found for /status
[35m[HTTP][39m [37m<-- GET /status [39m[33m404[39m [90m2 ms - 211[39m
[35m[HTTP][39m [90m[39m
[35m[HTTP][39m [37m-->[39m [37mGET[39m [37m/status[39m
[35m[HTTP][39m [90m{}[39m
[debug] [35m[HTTP][39m No route found for /status
[35m[HTTP][39m [37m<-- GET /status [39m[33m404[39m [90m1 ms - 211[39m
[35m[HTTP][39m [90m[39m
[35m[HTTP][39m [37m-->[39m [37mGET[39m [37m/status[39m
[35m[HTTP][39m [90m{}[39m
[debug] [35m[HTTP][39m No route found for /status
[35m[HTTP][39m [37m<-- GET /status [39m[33m404[39m [90m1 ms - 211[39m
[35m[HTTP][39m [90m[39m
[35m[HTTP][39m [37m-->[39m [37mGET[39m [37m/status[39m
[35m[HTTP][39m [90m{}[39m
[debug] [35m[HTTP][39m No route found for /status
[35m[HTTP][39m [37m<-- GET /status [39m[33m404[39m [90m3 ms - 211[39m
[35m[HTTP][39m [90m[39m
[35m[HTTP][39m [37m-->[39m [37mGET[39m [37m/status[39m
[35m[HTTP][39m [90m{}[39m
[debug] [35m[HTTP][39m No route found for /status
[35m[HTTP][39m [37m<-- GET /status [39m[33m404[39m [90m2 ms - 211[39m
[35m[HTTP][39m [90m[39m
[35m[HTTP][39m [37m-->[39m [37mGET[39m [37m/status[39m
[35m[HTTP][39m [90m{}[39m
[debug] [35m[HTTP][39m No route found for /status
[35m[HTTP][39m [37m<-- GET /status [39m[33m404[39m [90m4 ms - 211[39m
[35m[HTTP][39m [90m[39m

]]>
            </message>
            <full-stacktrace>
              <![CDATA[io.appium.java_client.service.local.AppiumServerHasNotBeenStartedLocallyException: The local appium server has not been started. The given Node.js executable: C:\Program Files\nodejs\node.exe Arguments: [C:\Users\Viraj\AppData\Roaming\npm\node_modules\appium\build\lib\main.js, --port, 4723, --address, 0.0.0.0] 
Process output: [35m[Appium][39m Welcome to Appium v1.22.3
[35m[Appium][39m Appium REST http interface listener started on 0.0.0.0:4723
[35m[HTTP][39m [37m-->[39m [37mGET[39m [37m/status[39m
[35m[HTTP][39m [90m{}[39m
[debug] [35m[HTTP][39m No route found for /status
[35m[HTTP][39m [37m<-- GET /status [39m[33m404[39m [90m24 ms - 211[39m
[35m[HTTP][39m [90m[39m
[35m[HTTP][39m [37m-->[39m [37mGET[39m [37m/status[39m
[35m[HTTP][39m [90m{}[39m
[debug] [35m[HTTP][39m No route found for /status
[35m[HTTP][39m [37m<-- GET /status [39m[33m404[39m [90m65 ms - 211[39m
[35m[HTTP][39m [90m[39m
[35m[HTTP][39m [37m-->[39m [37mGET[39m [37m/status[39m
[35m[HTTP][39m [90m{}[39m
[debug] [35m[HTTP][39m No route found for /status
[35m[HTTP][39m [37m<-- GET /status [39m[33m404[39m [90m4 ms - 211[39m
[35m[HTTP][39m [90m[39m
[35m[HTTP][39m [37m-->[39m [37mGET[39m [37m/status[39m
[35m[HTTP][39m [90m{}[39m
[debug] [35m[HTTP][39m No route found for /status
[35m[HTTP][39m [37m<-- GET /status [39m[33m404[39m [90m3 ms - 211[39m
[35m[HTTP][39m [90m[39m
[35m[HTTP][39m [37m-->[39m [37mGET[39m [37m/status[39m
[35m[HTTP][39m [90m{}[39m
[debug] [35m[HTTP][39m No route found for /status
[35m[HTTP][39m [37m<-- GET /status [39m[33m404[39m [90m5 ms - 211[39m
[35m[HTTP][39m [90m[39m
[35m[HTTP][39m [37m-->[39m [37mGET[39m [37m/status[39m
[35m[HTTP][39m [90m{}[39m
[debug] [35m[HTTP][39m No route found for /status
[35m[HTTP][39m [37m<-- GET /status [39m[33m404[39m [90m2 ms - 211[39m
[35m[HTTP][39m [90m[39m
[35m[HTTP][39m [37m-->[39m [37mGET[39m [37m/status[39m
[35m[HTTP][39m [90m{}[39m
[debug] [35m[HTTP][39m No route found for /status
[35m[HTTP][39m [37m<-- GET /status [39m[33m404[39m [90m5 ms - 211[39m
[35m[HTTP][39m [90m[39m
[35m[HTTP][39m [37m-->[39m [37mGET[39m [37m/status[39m
[35m[HTTP][39m [90m{}[39m
[debug] [35m[HTTP][39m No route found for /status
[35m[HTTP][39m [37m<-- GET /status [39m[33m404[39m [90m4 ms - 211[39m
[35m[HTTP][39m [90m[39m
[35m[HTTP][39m [37m-->[39m [37mGET[39m [37m/status[39m
[35m[HTTP][39m [90m{}[39m
[debug] [35m[HTTP][39m No route found for /status
[35m[HTTP][39m [37m<-- GET /status [39m[33m404[39m [90m4 ms - 211[39m
[35m[HTTP][39m [90m[39m
[35m[HTTP][39m [37m-->[39m [37mGET[39m [37m/status[39m
[35m[HTTP][39m [90m{}[39m
[debug] [35m[HTTP][39m No route found for /status
[35m[HTTP][39m [37m<-- GET /status [39m[33m404[39m [90m5 ms - 211[39m
[35m[HTTP][39m [90m[39m
[35m[HTTP][39m [37m-->[39m [37mGET[39m [37m/status[39m
[35m[HTTP][39m [90m{}[39m
[debug] [35m[HTTP][39m No route found for /status
[35m[HTTP][39m [37m<-- GET /status [39m[33m404[39m [90m5 ms - 211[39m
[35m[HTTP][39m [90m[39m
[35m[HTTP][39m [37m-->[39m [37mGET[39m [37m/status[39m
[35m[HTTP][39m [90m{}[39m
[debug] [35m[HTTP][39m No route found for /status
[35m[HTTP][39m [37m<-- GET /status [39m[33m404[39m [90m2 ms - 211[39m
[35m[HTTP][39m [90m[39m
[35m[HTTP][39m [37m-->[39m [37mGET[39m [37m/status[39m
[35m[HTTP][39m [90m{}[39m
[debug] [35m[HTTP][39m No route found for /status
[35m[HTTP][39m [37m<-- GET /status [39m[33m404[39m [90m1 ms - 211[39m
[35m[HTTP][39m [90m[39m
[35m[HTTP][39m [37m-->[39m [37mGET[39m [37m/status[39m
[35m[HTTP][39m [90m{}[39m
[debug] [35m[HTTP][39m No route found for /status
[35m[HTTP][39m [37m<-- GET /status [39m[33m404[39m [90m2 ms - 211[39m
[35m[HTTP][39m [90m[39m
[35m[HTTP][39m [37m-->[39m [37mGET[39m [37m/status[39m
[35m[HTTP][39m [90m{}[39m
[debug] [35m[HTTP][39m No route found for /status
[35m[HTTP][39m [37m<-- GET /status [39m[33m404[39m [90m2 ms - 211[39m
[35m[HTTP][39m [90m[39m
[35m[HTTP][39m [37m-->[39m [37mGET[39m [37m/status[39m
[35m[HTTP][39m [90m{}[39m
[debug] [35m[HTTP][39m No route found for /status
[35m[HTTP][39m [37m<-- GET /status [39m[33m404[39m [90m1 ms - 211[39m
[35m[HTTP][39m [90m[39m
[35m[HTTP][39m [37m-->[39m [37mGET[39m [37m/status[39m
[35m[HTTP][39m [90m{}[39m
[debug] [35m[HTTP][39m No route found for /status
[35m[HTTP][39m [37m<-- GET /status [39m[33m404[39m [90m1 ms - 211[39m
[35m[HTTP][39m [90m[39m
[35m[HTTP][39m [37m-->[39m [37mGET[39m [37m/status[39m
[35m[HTTP][39m [90m{}[39m
[debug] [35m[HTTP][39m No route found for /status
[35m[HTTP][39m [37m<-- GET /status [39m[33m404[39m [90m2 ms - 211[39m
[35m[HTTP][39m [90m[39m
[35m[HTTP][39m [37m-->[39m [37mGET[39m [37m/status[39m
[35m[HTTP][39m [90m{}[39m
[debug] [35m[HTTP][39m No route found for /status
[35m[HTTP][39m [37m<-- GET /status [39m[33m404[39m [90m2 ms - 211[39m
[35m[HTTP][39m [90m[39m
[35m[HTTP][39m [37m-->[39m [37mGET[39m [37m/status[39m
[35m[HTTP][39m [90m{}[39m
[debug] [35m[HTTP][39m No route found for /status
[35m[HTTP][39m [37m<-- GET /status [39m[33m404[39m [90m1 ms - 211[39m
[35m[HTTP][39m [90m[39m
[35m[HTTP][39m [37m-->[39m [37mGET[39m [37m/status[39m
[35m[HTTP][39m [90m{}[39m
[debug] [35m[HTTP][39m No route found for /status
[35m[HTTP][39m [37m<-- GET /status [39m[33m404[39m [90m2 ms - 211[39m
[35m[HTTP][39m [90m[39m
[35m[HTTP][39m [37m-->[39m [37mGET[39m [37m/status[39m
[35m[HTTP][39m [90m{}[39m
[debug] [35m[HTTP][39m No route found for /status
[35m[HTTP][39m [37m<-- GET /status [39m[33m404[39m [90m3 ms - 211[39m
[35m[HTTP][39m [90m[39m
[35m[HTTP][39m [37m-->[39m [37mGET[39m [37m/status[39m
[35m[HTTP][39m [90m{}[39m
[debug] [35m[HTTP][39m No route found for /status
[35m[HTTP][39m [37m<-- GET /status [39m[33m404[39m [90m4 ms - 211[39m
[35m[HTTP][39m [90m[39m
[35m[HTTP][39m [37m-->[39m [37mGET[39m [37m/status[39m
[35m[HTTP][39m [90m{}[39m
[debug] [35m[HTTP][39m No route found for /status
[35m[HTTP][39m [37m<-- GET /status [39m[33m404[39m [90m3 ms - 211[39m
[35m[HTTP][39m [90m[39m
[35m[HTTP][39m [37m-->[39m [37mGET[39m [37m/status[39m
[35m[HTTP][39m [90m{}[39m
[debug] [35m[HTTP][39m No route found for /status
[35m[HTTP][39m [37m<-- GET /status [39m[33m404[39m [90m2 ms - 211[39m
[35m[HTTP][39m [90m[39m
[35m[HTTP][39m [37m-->[39m [37mGET[39m [37m/status[39m
[35m[HTTP][39m [90m{}[39m
[debug] [35m[HTTP][39m No route found for /status
[35m[HTTP][39m [37m<-- GET /status [39m[33m404[39m [90m1 ms - 211[39m
[35m[HTTP][39m [90m[39m
[35m[HTTP][39m [37m-->[39m [37mGET[39m [37m/status[39m
[35m[HTTP][39m [90m{}[39m
[debug] [35m[HTTP][39m No route found for /status
[35m[HTTP][39m [37m<-- GET /status [39m[33m404[39m [90m3 ms - 211[39m
[35m[HTTP][39m [90m[39m
[35m[HTTP][39m [37m-->[39m [37mGET[39m [37m/status[39m
[35m[HTTP][39m [90m{}[39m
[debug] [35m[HTTP][39m No route found for /status
[35m[HTTP][39m [37m<-- GET /status [39m[33m404[39m [90m3 ms - 211[39m
[35m[HTTP][39m [90m[39m
[35m[HTTP][39m [37m-->[39m [37mGET[39m [37m/status[39m
[35m[HTTP][39m [90m{}[39m
[debug] [35m[HTTP][39m No route found for /status
[35m[HTTP][39m [37m<-- GET /status [39m[33m404[39m [90m4 ms - 211[39m
[35m[HTTP][39m [90m[39m
[35m[HTTP][39m [37m-->[39m [37mGET[39m [37m/status[39m
[35m[HTTP][39m [90m{}[39m
[debug] [35m[HTTP][39m No route found for /status
[35m[HTTP][39m [37m<-- GET /status [39m[33m404[39m [90m3 ms - 211[39m
[35m[HTTP][39m [90m[39m
[35m[HTTP][39m [37m-->[39m [37mGET[39m [37m/status[39m
[35m[HTTP][39m [90m{}[39m
[debug] [35m[HTTP][39m No route found for /status
[35m[HTTP][39m [37m<-- GET /status [39m[33m404[39m [90m4 ms - 211[39m
[35m[HTTP][39m [90m[39m
[35m[HTTP][39m [37m-->[39m [37mGET[39m [37m/status[39m
[35m[HTTP][39m [90m{}[39m
[debug] [35m[HTTP][39m No route found for /status
[35m[HTTP][39m [37m<-- GET /status [39m[33m404[39m [90m3 ms - 211[39m
[35m[HTTP][39m [90m[39m
[35m[HTTP][39m [37m-->[39m [37mGET[39m [37m/status[39m
[35m[HTTP][39m [90m{}[39m
[debug] [35m[HTTP][39m No route found for /status
[35m[HTTP][39m [37m<-- GET /status [39m[33m404[39m [90m2 ms - 211[39m
[35m[HTTP][39m [90m[39m
[35m[HTTP][39m [37m-->[39m [37mGET[39m [37m/status[39m
[35m[HTTP][39m [90m{}[39m
[debug] [35m[HTTP][39m No route found for /status
[35m[HTTP][39m [37m<-- GET /status [39m[33m404[39m [90m1 ms - 211[39m
[35m[HTTP][39m [90m[39m
[35m[HTTP][39m [37m-->[39m [37mGET[39m [37m/status[39m
[35m[HTTP][39m [90m{}[39m
[debug] [35m[HTTP][39m No route found for /status
[35m[HTTP][39m [37m<-- GET /status [39m[33m404[39m [90m2 ms - 211[39m
[35m[HTTP][39m [90m[39m
[35m[HTTP][39m [37m-->[39m [37mGET[39m [37m/status[39m
[35m[HTTP][39m [90m{}[39m
[debug] [35m[HTTP][39m No route found for /status
[35m[HTTP][39m [37m<-- GET /status [39m[33m404[39m [90m2 ms - 211[39m
[35m[HTTP][39m [90m[39m
[35m[HTTP][39m [37m-->[39m [37mGET[39m [37m/status[39m
[35m[HTTP][39m [90m{}[39m
[debug] [35m[HTTP][39m No route found for /status
[35m[HTTP][39m [37m<-- GET /status [39m[33m404[39m [90m1 ms - 211[39m
[35m[HTTP][39m [90m[39m
[35m[HTTP][39m [37m-->[39m [37mGET[39m [37m/status[39m
[35m[HTTP][39m [90m{}[39m
[debug] [35m[HTTP][39m No route found for /status
[35m[HTTP][39m [37m<-- GET /status [39m[33m404[39m [90m1 ms - 211[39m
[35m[HTTP][39m [90m[39m
[35m[HTTP][39m [37m-->[39m [37mGET[39m [37m/status[39m
[35m[HTTP][39m [90m{}[39m
[debug] [35m[HTTP][39m No route found for /status
[35m[HTTP][39m [37m<-- GET /status [39m[33m404[39m [90m3 ms - 211[39m
[35m[HTTP][39m [90m[39m
[35m[HTTP][39m [37m-->[39m [37mGET[39m [37m/status[39m
[35m[HTTP][39m [90m{}[39m
[debug] [35m[HTTP][39m No route found for /status
[35m[HTTP][39m [37m<-- GET /status [39m[33m404[39m [90m1 ms - 211[39m
[35m[HTTP][39m [90m[39m
[35m[HTTP][39m [37m-->[39m [37mGET[39m [37m/status[39m
[35m[HTTP][39m [90m{}[39m
[debug] [35m[HTTP][39m No route found for /status
[35m[HTTP][39m [37m<-- GET /status [39m[33m404[39m [90m3 ms - 211[39m
[35m[HTTP][39m [90m[39m
[35m[HTTP][39m [37m-->[39m [37mGET[39m [37m/status[39m
[35m[HTTP][39m [90m{}[39m
[debug] [35m[HTTP][39m No route found for /status
[35m[HTTP][39m [37m<-- GET /status [39m[33m404[39m [90m3 ms - 211[39m
[35m[HTTP][39m [90m[39m
[35m[HTTP][39m [37m-->[39m [37mGET[39m [37m/status[39m
[35m[HTTP][39m [90m{}[39m
[debug] [35m[HTTP][39m No route found for /status
[35m[HTTP][39m [37m<-- GET /status [39m[33m404[39m [90m4 ms - 211[39m
[35m[HTTP][39m [90m[39m
[35m[HTTP][39m [37m-->[39m [37mGET[39m [37m/status[39m
[35m[HTTP][39m [90m{}[39m
[debug] [35m[HTTP][39m No route found for /status
[35m[HTTP][39m [37m<-- GET /status [39m[33m404[39m [90m4 ms - 211[39m
[35m[HTTP][39m [90m[39m
[35m[HTTP][39m [37m-->[39m [37mGET[39m [37m/status[39m
[35m[HTTP][39m [90m{}[39m
[debug] [35m[HTTP][39m No route found for /status
[35m[HTTP][39m [37m<-- GET /status [39m[33m404[39m [90m3 ms - 211[39m
[35m[HTTP][39m [90m[39m
[35m[HTTP][39m [37m-->[39m [37mGET[39m [37m/status[39m
[35m[HTTP][39m [90m{}[39m
[debug] [35m[HTTP][39m No route found for /status
[35m[HTTP][39m [37m<-- GET /status [39m[33m404[39m [90m1 ms - 211[39m
[35m[HTTP][39m [90m[39m
[35m[HTTP][39m [37m-->[39m [37mGET[39m [37m/status[39m
[35m[HTTP][39m [90m{}[39m
[debug] [35m[HTTP][39m No route found for /status
[35m[HTTP][39m [37m<-- GET /status [39m[33m404[39m [90m2 ms - 211[39m
[35m[HTTP][39m [90m[39m
[35m[HTTP][39m [37m-->[39m [37mGET[39m [37m/status[39m
[35m[HTTP][39m [90m{}[39m
[debug] [35m[HTTP][39m No route found for /status
[35m[HTTP][39m [37m<-- GET /status [39m[33m404[39m [90m1 ms - 211[39m
[35m[HTTP][39m [90m[39m
[35m[HTTP][39m [37m-->[39m [37mGET[39m [37m/status[39m
[35m[HTTP][39m [90m{}[39m
[debug] [35m[HTTP][39m No route found for /status
[35m[HTTP][39m [37m<-- GET /status [39m[33m404[39m [90m1 ms - 211[39m
[35m[HTTP][39m [90m[39m
[35m[HTTP][39m [37m-->[39m [37mGET[39m [37m/status[39m
[35m[HTTP][39m [90m{}[39m
[debug] [35m[HTTP][39m No route found for /status
[35m[HTTP][39m [37m<-- GET /status [39m[33m404[39m [90m3 ms - 211[39m
[35m[HTTP][39m [90m[39m
[35m[HTTP][39m [37m-->[39m [37mGET[39m [37m/status[39m
[35m[HTTP][39m [90m{}[39m
[debug] [35m[HTTP][39m No route found for /status
[35m[HTTP][39m [37m<-- GET /status [39m[33m404[39m [90m2 ms - 211[39m
[35m[HTTP][39m [90m[39m
[35m[HTTP][39m [37m-->[39m [37mGET[39m [37m/status[39m
[35m[HTTP][39m [90m{}[39m
[debug] [35m[HTTP][39m No route found for /status
[35m[HTTP][39m [37m<-- GET /status [39m[33m404[39m [90m4 ms - 211[39m
[35m[HTTP][39m [90m[39m


at io.appium.java_client.service.local.AppiumDriverLocalService.start(AppiumDriverLocalService.java:190)
at resources.Base.configApp(Base.java:30)
at java.base/jdk.internal.reflect.NativeMethodAccessorImpl.invoke0(Native Method)
at java.base/jdk.internal.reflect.NativeMethodAccessorImpl.invoke(NativeMethodAccessorImpl.java:77)
at java.base/jdk.internal.reflect.DelegatingMethodAccessorImpl.invoke(DelegatingMethodAccessorImpl.java:43)
at java.base/java.lang.reflect.Method.invoke(Method.java:568)
at org.testng.internal.MethodInvocationHelper.invokeMethod(MethodInvocationHelper.java:133)
at org.testng.internal.MethodInvocationHelper.invokeMethodConsideringTimeout(MethodInvocationHelper.java:62)
at org.testng.internal.ConfigInvoker.invokeConfigurationMethod(ConfigInvoker.java:385)
at org.testng.internal.ConfigInvoker.invokeConfigurations(ConfigInvoker.java:321)
at org.testng.TestRunner.invokeTestConfigurations(TestRunner.java:637)
at org.testng.TestRunner.beforeRun(TestRunner.java:627)
at org.testng.TestRunner.run(TestRunner.java:589)
at org.testng.SuiteRunner.runTest(SuiteRunner.java:377)
at org.testng.SuiteRunner.runSequentially(SuiteRunner.java:371)
at org.testng.SuiteRunner.privateRun(SuiteRunner.java:332)
at org.testng.SuiteRunner.run(SuiteRunner.java:276)
at org.testng.SuiteRunnerWorker.runSuite(SuiteRunnerWorker.java:53)
at org.testng.SuiteRunnerWorker.run(SuiteRunnerWorker.java:96)
at org.testng.TestNG.runSuitesSequentially(TestNG.java:1212)
at org.testng.TestNG.runSuitesLocally(TestNG.java:1134)
at org.testng.TestNG.runSuites(TestNG.java:1063)
at org.testng.TestNG.run(TestNG.java:1031)
at org.testng.remote.AbstractRemoteTestNG.run(AbstractRemoteTestNG.java:115)
at org.testng.remote.RemoteTestNG.initAndRun(RemoteTestNG.java:251)
at org.testng.remote.RemoteTestNG.main(RemoteTestNG.java:77)
Caused by: org.openqa.selenium.net.UrlChecker$TimeoutException: Timed out waiting for [http://127.0.0.1:4723/status] to be available after 20015 ms
at org.openqa.selenium.net.UrlChecker.waitUntilAvailable(UrlChecker.java:89)
at io.appium.java_client.service.local.AppiumDriverLocalService.ping(AppiumDriverLocalService.java:155)
at io.appium.java_client.service.local.AppiumDriverLocalService.start(AppiumDriverLocalService.java:177)
... 25 more
Caused by: java.util.concurrent.TimeoutException
at java.base/java.util.concurrent.FutureTask.get(FutureTask.java:204)
at org.openqa.selenium.net.UrlChecker.waitUntilAvailable(UrlChecker.java:87)
... 27 more
]]>
            </full-stacktrace>
          </exception> <!-- io.appium.java_client.service.local.AppiumServerHasNotBeenStartedLocallyException -->
          <reporter-output>
          </reporter-output>
        </test-method> <!-- verify_app_is_launched -->
        <test-method signature="verify_general_details_are_filled(java.lang.String,java.lang.String,java.lang.String)[pri:0, instance:TestCase.Landing_Page_Test@2805d709]" started-at="2022-08-18T13:41:51 IST" name="verify_general_details_are_filled" data-provider="details" finished-at="2022-08-18T13:41:51 IST" duration-ms="0" status="SKIP">
          <params>
            <param index="0">
              <value>
                <![CDATA[India]]>
              </value>
            </param>
            <param index="1">
              <value>
                <![CDATA[Viraj]]>
              </value>
            </param>
            <param index="2">
              <value>
                <![CDATA[Male]]>
              </value>
            </param>
          </params>
          <exception class="io.appium.java_client.service.local.AppiumServerHasNotBeenStartedLocallyException">
            <message>
              <![CDATA[The local appium server has not been started. The given Node.js executable: C:\Program Files\nodejs\node.exe Arguments: [C:\Users\Viraj\AppData\Roaming\npm\node_modules\appium\build\lib\main.js, --port, 4723, --address, 0.0.0.0] 
Process output: [35m[Appium][39m Welcome to Appium v1.22.3
[35m[Appium][39m Appium REST http interface listener started on 0.0.0.0:4723
[35m[HTTP][39m [37m-->[39m [37mGET[39m [37m/status[39m
[35m[HTTP][39m [90m{}[39m
[debug] [35m[HTTP][39m No route found for /status
[35m[HTTP][39m [37m<-- GET /status [39m[33m404[39m [90m24 ms - 211[39m
[35m[HTTP][39m [90m[39m
[35m[HTTP][39m [37m-->[39m [37mGET[39m [37m/status[39m
[35m[HTTP][39m [90m{}[39m
[debug] [35m[HTTP][39m No route found for /status
[35m[HTTP][39m [37m<-- GET /status [39m[33m404[39m [90m65 ms - 211[39m
[35m[HTTP][39m [90m[39m
[35m[HTTP][39m [37m-->[39m [37mGET[39m [37m/status[39m
[35m[HTTP][39m [90m{}[39m
[debug] [35m[HTTP][39m No route found for /status
[35m[HTTP][39m [37m<-- GET /status [39m[33m404[39m [90m4 ms - 211[39m
[35m[HTTP][39m [90m[39m
[35m[HTTP][39m [37m-->[39m [37mGET[39m [37m/status[39m
[35m[HTTP][39m [90m{}[39m
[debug] [35m[HTTP][39m No route found for /status
[35m[HTTP][39m [37m<-- GET /status [39m[33m404[39m [90m3 ms - 211[39m
[35m[HTTP][39m [90m[39m
[35m[HTTP][39m [37m-->[39m [37mGET[39m [37m/status[39m
[35m[HTTP][39m [90m{}[39m
[debug] [35m[HTTP][39m No route found for /status
[35m[HTTP][39m [37m<-- GET /status [39m[33m404[39m [90m5 ms - 211[39m
[35m[HTTP][39m [90m[39m
[35m[HTTP][39m [37m-->[39m [37mGET[39m [37m/status[39m
[35m[HTTP][39m [90m{}[39m
[debug] [35m[HTTP][39m No route found for /status
[35m[HTTP][39m [37m<-- GET /status [39m[33m404[39m [90m2 ms - 211[39m
[35m[HTTP][39m [90m[39m
[35m[HTTP][39m [37m-->[39m [37mGET[39m [37m/status[39m
[35m[HTTP][39m [90m{}[39m
[debug] [35m[HTTP][39m No route found for /status
[35m[HTTP][39m [37m<-- GET /status [39m[33m404[39m [90m5 ms - 211[39m
[35m[HTTP][39m [90m[39m
[35m[HTTP][39m [37m-->[39m [37mGET[39m [37m/status[39m
[35m[HTTP][39m [90m{}[39m
[debug] [35m[HTTP][39m No route found for /status
[35m[HTTP][39m [37m<-- GET /status [39m[33m404[39m [90m4 ms - 211[39m
[35m[HTTP][39m [90m[39m
[35m[HTTP][39m [37m-->[39m [37mGET[39m [37m/status[39m
[35m[HTTP][39m [90m{}[39m
[debug] [35m[HTTP][39m No route found for /status
[35m[HTTP][39m [37m<-- GET /status [39m[33m404[39m [90m4 ms - 211[39m
[35m[HTTP][39m [90m[39m
[35m[HTTP][39m [37m-->[39m [37mGET[39m [37m/status[39m
[35m[HTTP][39m [90m{}[39m
[debug] [35m[HTTP][39m No route found for /status
[35m[HTTP][39m [37m<-- GET /status [39m[33m404[39m [90m5 ms - 211[39m
[35m[HTTP][39m [90m[39m
[35m[HTTP][39m [37m-->[39m [37mGET[39m [37m/status[39m
[35m[HTTP][39m [90m{}[39m
[debug] [35m[HTTP][39m No route found for /status
[35m[HTTP][39m [37m<-- GET /status [39m[33m404[39m [90m5 ms - 211[39m
[35m[HTTP][39m [90m[39m
[35m[HTTP][39m [37m-->[39m [37mGET[39m [37m/status[39m
[35m[HTTP][39m [90m{}[39m
[debug] [35m[HTTP][39m No route found for /status
[35m[HTTP][39m [37m<-- GET /status [39m[33m404[39m [90m2 ms - 211[39m
[35m[HTTP][39m [90m[39m
[35m[HTTP][39m [37m-->[39m [37mGET[39m [37m/status[39m
[35m[HTTP][39m [90m{}[39m
[debug] [35m[HTTP][39m No route found for /status
[35m[HTTP][39m [37m<-- GET /status [39m[33m404[39m [90m1 ms - 211[39m
[35m[HTTP][39m [90m[39m
[35m[HTTP][39m [37m-->[39m [37mGET[39m [37m/status[39m
[35m[HTTP][39m [90m{}[39m
[debug] [35m[HTTP][39m No route found for /status
[35m[HTTP][39m [37m<-- GET /status [39m[33m404[39m [90m2 ms - 211[39m
[35m[HTTP][39m [90m[39m
[35m[HTTP][39m [37m-->[39m [37mGET[39m [37m/status[39m
[35m[HTTP][39m [90m{}[39m
[debug] [35m[HTTP][39m No route found for /status
[35m[HTTP][39m [37m<-- GET /status [39m[33m404[39m [90m2 ms - 211[39m
[35m[HTTP][39m [90m[39m
[35m[HTTP][39m [37m-->[39m [37mGET[39m [37m/status[39m
[35m[HTTP][39m [90m{}[39m
[debug] [35m[HTTP][39m No route found for /status
[35m[HTTP][39m [37m<-- GET /status [39m[33m404[39m [90m1 ms - 211[39m
[35m[HTTP][39m [90m[39m
[35m[HTTP][39m [37m-->[39m [37mGET[39m [37m/status[39m
[35m[HTTP][39m [90m{}[39m
[debug] [35m[HTTP][39m No route found for /status
[35m[HTTP][39m [37m<-- GET /status [39m[33m404[39m [90m1 ms - 211[39m
[35m[HTTP][39m [90m[39m
[35m[HTTP][39m [37m-->[39m [37mGET[39m [37m/status[39m
[35m[HTTP][39m [90m{}[39m
[debug] [35m[HTTP][39m No route found for /status
[35m[HTTP][39m [37m<-- GET /status [39m[33m404[39m [90m2 ms - 211[39m
[35m[HTTP][39m [90m[39m
[35m[HTTP][39m [37m-->[39m [37mGET[39m [37m/status[39m
[35m[HTTP][39m [90m{}[39m
[debug] [35m[HTTP][39m No route found for /status
[35m[HTTP][39m [37m<-- GET /status [39m[33m404[39m [90m2 ms - 211[39m
[35m[HTTP][39m [90m[39m
[35m[HTTP][39m [37m-->[39m [37mGET[39m [37m/status[39m
[35m[HTTP][39m [90m{}[39m
[debug] [35m[HTTP][39m No route found for /status
[35m[HTTP][39m [37m<-- GET /status [39m[33m404[39m [90m1 ms - 211[39m
[35m[HTTP][39m [90m[39m
[35m[HTTP][39m [37m-->[39m [37mGET[39m [37m/status[39m
[35m[HTTP][39m [90m{}[39m
[debug] [35m[HTTP][39m No route found for /status
[35m[HTTP][39m [37m<-- GET /status [39m[33m404[39m [90m2 ms - 211[39m
[35m[HTTP][39m [90m[39m
[35m[HTTP][39m [37m-->[39m [37mGET[39m [37m/status[39m
[35m[HTTP][39m [90m{}[39m
[debug] [35m[HTTP][39m No route found for /status
[35m[HTTP][39m [37m<-- GET /status [39m[33m404[39m [90m3 ms - 211[39m
[35m[HTTP][39m [90m[39m
[35m[HTTP][39m [37m-->[39m [37mGET[39m [37m/status[39m
[35m[HTTP][39m [90m{}[39m
[debug] [35m[HTTP][39m No route found for /status
[35m[HTTP][39m [37m<-- GET /status [39m[33m404[39m [90m4 ms - 211[39m
[35m[HTTP][39m [90m[39m
[35m[HTTP][39m [37m-->[39m [37mGET[39m [37m/status[39m
[35m[HTTP][39m [90m{}[39m
[debug] [35m[HTTP][39m No route found for /status
[35m[HTTP][39m [37m<-- GET /status [39m[33m404[39m [90m3 ms - 211[39m
[35m[HTTP][39m [90m[39m
[35m[HTTP][39m [37m-->[39m [37mGET[39m [37m/status[39m
[35m[HTTP][39m [90m{}[39m
[debug] [35m[HTTP][39m No route found for /status
[35m[HTTP][39m [37m<-- GET /status [39m[33m404[39m [90m2 ms - 211[39m
[35m[HTTP][39m [90m[39m
[35m[HTTP][39m [37m-->[39m [37mGET[39m [37m/status[39m
[35m[HTTP][39m [90m{}[39m
[debug] [35m[HTTP][39m No route found for /status
[35m[HTTP][39m [37m<-- GET /status [39m[33m404[39m [90m1 ms - 211[39m
[35m[HTTP][39m [90m[39m
[35m[HTTP][39m [37m-->[39m [37mGET[39m [37m/status[39m
[35m[HTTP][39m [90m{}[39m
[debug] [35m[HTTP][39m No route found for /status
[35m[HTTP][39m [37m<-- GET /status [39m[33m404[39m [90m3 ms - 211[39m
[35m[HTTP][39m [90m[39m
[35m[HTTP][39m [37m-->[39m [37mGET[39m [37m/status[39m
[35m[HTTP][39m [90m{}[39m
[debug] [35m[HTTP][39m No route found for /status
[35m[HTTP][39m [37m<-- GET /status [39m[33m404[39m [90m3 ms - 211[39m
[35m[HTTP][39m [90m[39m
[35m[HTTP][39m [37m-->[39m [37mGET[39m [37m/status[39m
[35m[HTTP][39m [90m{}[39m
[debug] [35m[HTTP][39m No route found for /status
[35m[HTTP][39m [37m<-- GET /status [39m[33m404[39m [90m4 ms - 211[39m
[35m[HTTP][39m [90m[39m
[35m[HTTP][39m [37m-->[39m [37mGET[39m [37m/status[39m
[35m[HTTP][39m [90m{}[39m
[debug] [35m[HTTP][39m No route found for /status
[35m[HTTP][39m [37m<-- GET /status [39m[33m404[39m [90m3 ms - 211[39m
[35m[HTTP][39m [90m[39m
[35m[HTTP][39m [37m-->[39m [37mGET[39m [37m/status[39m
[35m[HTTP][39m [90m{}[39m
[debug] [35m[HTTP][39m No route found for /status
[35m[HTTP][39m [37m<-- GET /status [39m[33m404[39m [90m4 ms - 211[39m
[35m[HTTP][39m [90m[39m
[35m[HTTP][39m [37m-->[39m [37mGET[39m [37m/status[39m
[35m[HTTP][39m [90m{}[39m
[debug] [35m[HTTP][39m No route found for /status
[35m[HTTP][39m [37m<-- GET /status [39m[33m404[39m [90m3 ms - 211[39m
[35m[HTTP][39m [90m[39m
[35m[HTTP][39m [37m-->[39m [37mGET[39m [37m/status[39m
[35m[HTTP][39m [90m{}[39m
[debug] [35m[HTTP][39m No route found for /status
[35m[HTTP][39m [37m<-- GET /status [39m[33m404[39m [90m2 ms - 211[39m
[35m[HTTP][39m [90m[39m
[35m[HTTP][39m [37m-->[39m [37mGET[39m [37m/status[39m
[35m[HTTP][39m [90m{}[39m
[debug] [35m[HTTP][39m No route found for /status
[35m[HTTP][39m [37m<-- GET /status [39m[33m404[39m [90m1 ms - 211[39m
[35m[HTTP][39m [90m[39m
[35m[HTTP][39m [37m-->[39m [37mGET[39m [37m/status[39m
[35m[HTTP][39m [90m{}[39m
[debug] [35m[HTTP][39m No route found for /status
[35m[HTTP][39m [37m<-- GET /status [39m[33m404[39m [90m2 ms - 211[39m
[35m[HTTP][39m [90m[39m
[35m[HTTP][39m [37m-->[39m [37mGET[39m [37m/status[39m
[35m[HTTP][39m [90m{}[39m
[debug] [35m[HTTP][39m No route found for /status
[35m[HTTP][39m [37m<-- GET /status [39m[33m404[39m [90m2 ms - 211[39m
[35m[HTTP][39m [90m[39m
[35m[HTTP][39m [37m-->[39m [37mGET[39m [37m/status[39m
[35m[HTTP][39m [90m{}[39m
[debug] [35m[HTTP][39m No route found for /status
[35m[HTTP][39m [37m<-- GET /status [39m[33m404[39m [90m1 ms - 211[39m
[35m[HTTP][39m [90m[39m
[35m[HTTP][39m [37m-->[39m [37mGET[39m [37m/status[39m
[35m[HTTP][39m [90m{}[39m
[debug] [35m[HTTP][39m No route found for /status
[35m[HTTP][39m [37m<-- GET /status [39m[33m404[39m [90m1 ms - 211[39m
[35m[HTTP][39m [90m[39m
[35m[HTTP][39m [37m-->[39m [37mGET[39m [37m/status[39m
[35m[HTTP][39m [90m{}[39m
[debug] [35m[HTTP][39m No route found for /status
[35m[HTTP][39m [37m<-- GET /status [39m[33m404[39m [90m3 ms - 211[39m
[35m[HTTP][39m [90m[39m
[35m[HTTP][39m [37m-->[39m [37mGET[39m [37m/status[39m
[35m[HTTP][39m [90m{}[39m
[debug] [35m[HTTP][39m No route found for /status
[35m[HTTP][39m [37m<-- GET /status [39m[33m404[39m [90m1 ms - 211[39m
[35m[HTTP][39m [90m[39m
[35m[HTTP][39m [37m-->[39m [37mGET[39m [37m/status[39m
[35m[HTTP][39m [90m{}[39m
[debug] [35m[HTTP][39m No route found for /status
[35m[HTTP][39m [37m<-- GET /status [39m[33m404[39m [90m3 ms - 211[39m
[35m[HTTP][39m [90m[39m
[35m[HTTP][39m [37m-->[39m [37mGET[39m [37m/status[39m
[35m[HTTP][39m [90m{}[39m
[debug] [35m[HTTP][39m No route found for /status
[35m[HTTP][39m [37m<-- GET /status [39m[33m404[39m [90m3 ms - 211[39m
[35m[HTTP][39m [90m[39m
[35m[HTTP][39m [37m-->[39m [37mGET[39m [37m/status[39m
[35m[HTTP][39m [90m{}[39m
[debug] [35m[HTTP][39m No route found for /status
[35m[HTTP][39m [37m<-- GET /status [39m[33m404[39m [90m4 ms - 211[39m
[35m[HTTP][39m [90m[39m
[35m[HTTP][39m [37m-->[39m [37mGET[39m [37m/status[39m
[35m[HTTP][39m [90m{}[39m
[debug] [35m[HTTP][39m No route found for /status
[35m[HTTP][39m [37m<-- GET /status [39m[33m404[39m [90m4 ms - 211[39m
[35m[HTTP][39m [90m[39m
[35m[HTTP][39m [37m-->[39m [37mGET[39m [37m/status[39m
[35m[HTTP][39m [90m{}[39m
[debug] [35m[HTTP][39m No route found for /status
[35m[HTTP][39m [37m<-- GET /status [39m[33m404[39m [90m3 ms - 211[39m
[35m[HTTP][39m [90m[39m
[35m[HTTP][39m [37m-->[39m [37mGET[39m [37m/status[39m
[35m[HTTP][39m [90m{}[39m
[debug] [35m[HTTP][39m No route found for /status
[35m[HTTP][39m [37m<-- GET /status [39m[33m404[39m [90m1 ms - 211[39m
[35m[HTTP][39m [90m[39m
[35m[HTTP][39m [37m-->[39m [37mGET[39m [37m/status[39m
[35m[HTTP][39m [90m{}[39m
[debug] [35m[HTTP][39m No route found for /status
[35m[HTTP][39m [37m<-- GET /status [39m[33m404[39m [90m2 ms - 211[39m
[35m[HTTP][39m [90m[39m
[35m[HTTP][39m [37m-->[39m [37mGET[39m [37m/status[39m
[35m[HTTP][39m [90m{}[39m
[debug] [35m[HTTP][39m No route found for /status
[35m[HTTP][39m [37m<-- GET /status [39m[33m404[39m [90m1 ms - 211[39m
[35m[HTTP][39m [90m[39m
[35m[HTTP][39m [37m-->[39m [37mGET[39m [37m/status[39m
[35m[HTTP][39m [90m{}[39m
[debug] [35m[HTTP][39m No route found for /status
[35m[HTTP][39m [37m<-- GET /status [39m[33m404[39m [90m1 ms - 211[39m
[35m[HTTP][39m [90m[39m
[35m[HTTP][39m [37m-->[39m [37mGET[39m [37m/status[39m
[35m[HTTP][39m [90m{}[39m
[debug] [35m[HTTP][39m No route found for /status
[35m[HTTP][39m [37m<-- GET /status [39m[33m404[39m [90m3 ms - 211[39m
[35m[HTTP][39m [90m[39m
[35m[HTTP][39m [37m-->[39m [37mGET[39m [37m/status[39m
[35m[HTTP][39m [90m{}[39m
[debug] [35m[HTTP][39m No route found for /status
[35m[HTTP][39m [37m<-- GET /status [39m[33m404[39m [90m2 ms - 211[39m
[35m[HTTP][39m [90m[39m
[35m[HTTP][39m [37m-->[39m [37mGET[39m [37m/status[39m
[35m[HTTP][39m [90m{}[39m
[debug] [35m[HTTP][39m No route found for /status
[35m[HTTP][39m [37m<-- GET /status [39m[33m404[39m [90m4 ms - 211[39m
[35m[HTTP][39m [90m[39m

]]>
            </message>
            <full-stacktrace>
              <![CDATA[io.appium.java_client.service.local.AppiumServerHasNotBeenStartedLocallyException: The local appium server has not been started. The given Node.js executable: C:\Program Files\nodejs\node.exe Arguments: [C:\Users\Viraj\AppData\Roaming\npm\node_modules\appium\build\lib\main.js, --port, 4723, --address, 0.0.0.0] 
Process output: [35m[Appium][39m Welcome to Appium v1.22.3
[35m[Appium][39m Appium REST http interface listener started on 0.0.0.0:4723
[35m[HTTP][39m [37m-->[39m [37mGET[39m [37m/status[39m
[35m[HTTP][39m [90m{}[39m
[debug] [35m[HTTP][39m No route found for /status
[35m[HTTP][39m [37m<-- GET /status [39m[33m404[39m [90m24 ms - 211[39m
[35m[HTTP][39m [90m[39m
[35m[HTTP][39m [37m-->[39m [37mGET[39m [37m/status[39m
[35m[HTTP][39m [90m{}[39m
[debug] [35m[HTTP][39m No route found for /status
[35m[HTTP][39m [37m<-- GET /status [39m[33m404[39m [90m65 ms - 211[39m
[35m[HTTP][39m [90m[39m
[35m[HTTP][39m [37m-->[39m [37mGET[39m [37m/status[39m
[35m[HTTP][39m [90m{}[39m
[debug] [35m[HTTP][39m No route found for /status
[35m[HTTP][39m [37m<-- GET /status [39m[33m404[39m [90m4 ms - 211[39m
[35m[HTTP][39m [90m[39m
[35m[HTTP][39m [37m-->[39m [37mGET[39m [37m/status[39m
[35m[HTTP][39m [90m{}[39m
[debug] [35m[HTTP][39m No route found for /status
[35m[HTTP][39m [37m<-- GET /status [39m[33m404[39m [90m3 ms - 211[39m
[35m[HTTP][39m [90m[39m
[35m[HTTP][39m [37m-->[39m [37mGET[39m [37m/status[39m
[35m[HTTP][39m [90m{}[39m
[debug] [35m[HTTP][39m No route found for /status
[35m[HTTP][39m [37m<-- GET /status [39m[33m404[39m [90m5 ms - 211[39m
[35m[HTTP][39m [90m[39m
[35m[HTTP][39m [37m-->[39m [37mGET[39m [37m/status[39m
[35m[HTTP][39m [90m{}[39m
[debug] [35m[HTTP][39m No route found for /status
[35m[HTTP][39m [37m<-- GET /status [39m[33m404[39m [90m2 ms - 211[39m
[35m[HTTP][39m [90m[39m
[35m[HTTP][39m [37m-->[39m [37mGET[39m [37m/status[39m
[35m[HTTP][39m [90m{}[39m
[debug] [35m[HTTP][39m No route found for /status
[35m[HTTP][39m [37m<-- GET /status [39m[33m404[39m [90m5 ms - 211[39m
[35m[HTTP][39m [90m[39m
[35m[HTTP][39m [37m-->[39m [37mGET[39m [37m/status[39m
[35m[HTTP][39m [90m{}[39m
[debug] [35m[HTTP][39m No route found for /status
[35m[HTTP][39m [37m<-- GET /status [39m[33m404[39m [90m4 ms - 211[39m
[35m[HTTP][39m [90m[39m
[35m[HTTP][39m [37m-->[39m [37mGET[39m [37m/status[39m
[35m[HTTP][39m [90m{}[39m
[debug] [35m[HTTP][39m No route found for /status
[35m[HTTP][39m [37m<-- GET /status [39m[33m404[39m [90m4 ms - 211[39m
[35m[HTTP][39m [90m[39m
[35m[HTTP][39m [37m-->[39m [37mGET[39m [37m/status[39m
[35m[HTTP][39m [90m{}[39m
[debug] [35m[HTTP][39m No route found for /status
[35m[HTTP][39m [37m<-- GET /status [39m[33m404[39m [90m5 ms - 211[39m
[35m[HTTP][39m [90m[39m
[35m[HTTP][39m [37m-->[39m [37mGET[39m [37m/status[39m
[35m[HTTP][39m [90m{}[39m
[debug] [35m[HTTP][39m No route found for /status
[35m[HTTP][39m [37m<-- GET /status [39m[33m404[39m [90m5 ms - 211[39m
[35m[HTTP][39m [90m[39m
[35m[HTTP][39m [37m-->[39m [37mGET[39m [37m/status[39m
[35m[HTTP][39m [90m{}[39m
[debug] [35m[HTTP][39m No route found for /status
[35m[HTTP][39m [37m<-- GET /status [39m[33m404[39m [90m2 ms - 211[39m
[35m[HTTP][39m [90m[39m
[35m[HTTP][39m [37m-->[39m [37mGET[39m [37m/status[39m
[35m[HTTP][39m [90m{}[39m
[debug] [35m[HTTP][39m No route found for /status
[35m[HTTP][39m [37m<-- GET /status [39m[33m404[39m [90m1 ms - 211[39m
[35m[HTTP][39m [90m[39m
[35m[HTTP][39m [37m-->[39m [37mGET[39m [37m/status[39m
[35m[HTTP][39m [90m{}[39m
[debug] [35m[HTTP][39m No route found for /status
[35m[HTTP][39m [37m<-- GET /status [39m[33m404[39m [90m2 ms - 211[39m
[35m[HTTP][39m [90m[39m
[35m[HTTP][39m [37m-->[39m [37mGET[39m [37m/status[39m
[35m[HTTP][39m [90m{}[39m
[debug] [35m[HTTP][39m No route found for /status
[35m[HTTP][39m [37m<-- GET /status [39m[33m404[39m [90m2 ms - 211[39m
[35m[HTTP][39m [90m[39m
[35m[HTTP][39m [37m-->[39m [37mGET[39m [37m/status[39m
[35m[HTTP][39m [90m{}[39m
[debug] [35m[HTTP][39m No route found for /status
[35m[HTTP][39m [37m<-- GET /status [39m[33m404[39m [90m1 ms - 211[39m
[35m[HTTP][39m [90m[39m
[35m[HTTP][39m [37m-->[39m [37mGET[39m [37m/status[39m
[35m[HTTP][39m [90m{}[39m
[debug] [35m[HTTP][39m No route found for /status
[35m[HTTP][39m [37m<-- GET /status [39m[33m404[39m [90m1 ms - 211[39m
[35m[HTTP][39m [90m[39m
[35m[HTTP][39m [37m-->[39m [37mGET[39m [37m/status[39m
[35m[HTTP][39m [90m{}[39m
[debug] [35m[HTTP][39m No route found for /status
[35m[HTTP][39m [37m<-- GET /status [39m[33m404[39m [90m2 ms - 211[39m
[35m[HTTP][39m [90m[39m
[35m[HTTP][39m [37m-->[39m [37mGET[39m [37m/status[39m
[35m[HTTP][39m [90m{}[39m
[debug] [35m[HTTP][39m No route found for /status
[35m[HTTP][39m [37m<-- GET /status [39m[33m404[39m [90m2 ms - 211[39m
[35m[HTTP][39m [90m[39m
[35m[HTTP][39m [37m-->[39m [37mGET[39m [37m/status[39m
[35m[HTTP][39m [90m{}[39m
[debug] [35m[HTTP][39m No route found for /status
[35m[HTTP][39m [37m<-- GET /status [39m[33m404[39m [90m1 ms - 211[39m
[35m[HTTP][39m [90m[39m
[35m[HTTP][39m [37m-->[39m [37mGET[39m [37m/status[39m
[35m[HTTP][39m [90m{}[39m
[debug] [35m[HTTP][39m No route found for /status
[35m[HTTP][39m [37m<-- GET /status [39m[33m404[39m [90m2 ms - 211[39m
[35m[HTTP][39m [90m[39m
[35m[HTTP][39m [37m-->[39m [37mGET[39m [37m/status[39m
[35m[HTTP][39m [90m{}[39m
[debug] [35m[HTTP][39m No route found for /status
[35m[HTTP][39m [37m<-- GET /status [39m[33m404[39m [90m3 ms - 211[39m
[35m[HTTP][39m [90m[39m
[35m[HTTP][39m [37m-->[39m [37mGET[39m [37m/status[39m
[35m[HTTP][39m [90m{}[39m
[debug] [35m[HTTP][39m No route found for /status
[35m[HTTP][39m [37m<-- GET /status [39m[33m404[39m [90m4 ms - 211[39m
[35m[HTTP][39m [90m[39m
[35m[HTTP][39m [37m-->[39m [37mGET[39m [37m/status[39m
[35m[HTTP][39m [90m{}[39m
[debug] [35m[HTTP][39m No route found for /status
[35m[HTTP][39m [37m<-- GET /status [39m[33m404[39m [90m3 ms - 211[39m
[35m[HTTP][39m [90m[39m
[35m[HTTP][39m [37m-->[39m [37mGET[39m [37m/status[39m
[35m[HTTP][39m [90m{}[39m
[debug] [35m[HTTP][39m No route found for /status
[35m[HTTP][39m [37m<-- GET /status [39m[33m404[39m [90m2 ms - 211[39m
[35m[HTTP][39m [90m[39m
[35m[HTTP][39m [37m-->[39m [37mGET[39m [37m/status[39m
[35m[HTTP][39m [90m{}[39m
[debug] [35m[HTTP][39m No route found for /status
[35m[HTTP][39m [37m<-- GET /status [39m[33m404[39m [90m1 ms - 211[39m
[35m[HTTP][39m [90m[39m
[35m[HTTP][39m [37m-->[39m [37mGET[39m [37m/status[39m
[35m[HTTP][39m [90m{}[39m
[debug] [35m[HTTP][39m No route found for /status
[35m[HTTP][39m [37m<-- GET /status [39m[33m404[39m [90m3 ms - 211[39m
[35m[HTTP][39m [90m[39m
[35m[HTTP][39m [37m-->[39m [37mGET[39m [37m/status[39m
[35m[HTTP][39m [90m{}[39m
[debug] [35m[HTTP][39m No route found for /status
[35m[HTTP][39m [37m<-- GET /status [39m[33m404[39m [90m3 ms - 211[39m
[35m[HTTP][39m [90m[39m
[35m[HTTP][39m [37m-->[39m [37mGET[39m [37m/status[39m
[35m[HTTP][39m [90m{}[39m
[debug] [35m[HTTP][39m No route found for /status
[35m[HTTP][39m [37m<-- GET /status [39m[33m404[39m [90m4 ms - 211[39m
[35m[HTTP][39m [90m[39m
[35m[HTTP][39m [37m-->[39m [37mGET[39m [37m/status[39m
[35m[HTTP][39m [90m{}[39m
[debug] [35m[HTTP][39m No route found for /status
[35m[HTTP][39m [37m<-- GET /status [39m[33m404[39m [90m3 ms - 211[39m
[35m[HTTP][39m [90m[39m
[35m[HTTP][39m [37m-->[39m [37mGET[39m [37m/status[39m
[35m[HTTP][39m [90m{}[39m
[debug] [35m[HTTP][39m No route found for /status
[35m[HTTP][39m [37m<-- GET /status [39m[33m404[39m [90m4 ms - 211[39m
[35m[HTTP][39m [90m[39m
[35m[HTTP][39m [37m-->[39m [37mGET[39m [37m/status[39m
[35m[HTTP][39m [90m{}[39m
[debug] [35m[HTTP][39m No route found for /status
[35m[HTTP][39m [37m<-- GET /status [39m[33m404[39m [90m3 ms - 211[39m
[35m[HTTP][39m [90m[39m
[35m[HTTP][39m [37m-->[39m [37mGET[39m [37m/status[39m
[35m[HTTP][39m [90m{}[39m
[debug] [35m[HTTP][39m No route found for /status
[35m[HTTP][39m [37m<-- GET /status [39m[33m404[39m [90m2 ms - 211[39m
[35m[HTTP][39m [90m[39m
[35m[HTTP][39m [37m-->[39m [37mGET[39m [37m/status[39m
[35m[HTTP][39m [90m{}[39m
[debug] [35m[HTTP][39m No route found for /status
[35m[HTTP][39m [37m<-- GET /status [39m[33m404[39m [90m1 ms - 211[39m
[35m[HTTP][39m [90m[39m
[35m[HTTP][39m [37m-->[39m [37mGET[39m [37m/status[39m
[35m[HTTP][39m [90m{}[39m
[debug] [35m[HTTP][39m No route found for /status
[35m[HTTP][39m [37m<-- GET /status [39m[33m404[39m [90m2 ms - 211[39m
[35m[HTTP][39m [90m[39m
[35m[HTTP][39m [37m-->[39m [37mGET[39m [37m/status[39m
[35m[HTTP][39m [90m{}[39m
[debug] [35m[HTTP][39m No route found for /status
[35m[HTTP][39m [37m<-- GET /status [39m[33m404[39m [90m2 ms - 211[39m
[35m[HTTP][39m [90m[39m
[35m[HTTP][39m [37m-->[39m [37mGET[39m [37m/status[39m
[35m[HTTP][39m [90m{}[39m
[debug] [35m[HTTP][39m No route found for /status
[35m[HTTP][39m [37m<-- GET /status [39m[33m404[39m [90m1 ms - 211[39m
[35m[HTTP][39m [90m[39m
[35m[HTTP][39m [37m-->[39m [37mGET[39m [37m/status[39m
[35m[HTTP][39m [90m{}[39m
[debug] [35m[HTTP][39m No route found for /status
[35m[HTTP][39m [37m<-- GET /status [39m[33m404[39m [90m1 ms - 211[39m
[35m[HTTP][39m [90m[39m
[35m[HTTP][39m [37m-->[39m [37mGET[39m [37m/status[39m
[35m[HTTP][39m [90m{}[39m
[debug] [35m[HTTP][39m No route found for /status
[35m[HTTP][39m [37m<-- GET /status [39m[33m404[39m [90m3 ms - 211[39m
[35m[HTTP][39m [90m[39m
[35m[HTTP][39m [37m-->[39m [37mGET[39m [37m/status[39m
[35m[HTTP][39m [90m{}[39m
[debug] [35m[HTTP][39m No route found for /status
[35m[HTTP][39m [37m<-- GET /status [39m[33m404[39m [90m1 ms - 211[39m
[35m[HTTP][39m [90m[39m
[35m[HTTP][39m [37m-->[39m [37mGET[39m [37m/status[39m
[35m[HTTP][39m [90m{}[39m
[debug] [35m[HTTP][39m No route found for /status
[35m[HTTP][39m [37m<-- GET /status [39m[33m404[39m [90m3 ms - 211[39m
[35m[HTTP][39m [90m[39m
[35m[HTTP][39m [37m-->[39m [37mGET[39m [37m/status[39m
[35m[HTTP][39m [90m{}[39m
[debug] [35m[HTTP][39m No route found for /status
[35m[HTTP][39m [37m<-- GET /status [39m[33m404[39m [90m3 ms - 211[39m
[35m[HTTP][39m [90m[39m
[35m[HTTP][39m [37m-->[39m [37mGET[39m [37m/status[39m
[35m[HTTP][39m [90m{}[39m
[debug] [35m[HTTP][39m No route found for /status
[35m[HTTP][39m [37m<-- GET /status [39m[33m404[39m [90m4 ms - 211[39m
[35m[HTTP][39m [90m[39m
[35m[HTTP][39m [37m-->[39m [37mGET[39m [37m/status[39m
[35m[HTTP][39m [90m{}[39m
[debug] [35m[HTTP][39m No route found for /status
[35m[HTTP][39m [37m<-- GET /status [39m[33m404[39m [90m4 ms - 211[39m
[35m[HTTP][39m [90m[39m
[35m[HTTP][39m [37m-->[39m [37mGET[39m [37m/status[39m
[35m[HTTP][39m [90m{}[39m
[debug] [35m[HTTP][39m No route found for /status
[35m[HTTP][39m [37m<-- GET /status [39m[33m404[39m [90m3 ms - 211[39m
[35m[HTTP][39m [90m[39m
[35m[HTTP][39m [37m-->[39m [37mGET[39m [37m/status[39m
[35m[HTTP][39m [90m{}[39m
[debug] [35m[HTTP][39m No route found for /status
[35m[HTTP][39m [37m<-- GET /status [39m[33m404[39m [90m1 ms - 211[39m
[35m[HTTP][39m [90m[39m
[35m[HTTP][39m [37m-->[39m [37mGET[39m [37m/status[39m
[35m[HTTP][39m [90m{}[39m
[debug] [35m[HTTP][39m No route found for /status
[35m[HTTP][39m [37m<-- GET /status [39m[33m404[39m [90m2 ms - 211[39m
[35m[HTTP][39m [90m[39m
[35m[HTTP][39m [37m-->[39m [37mGET[39m [37m/status[39m
[35m[HTTP][39m [90m{}[39m
[debug] [35m[HTTP][39m No route found for /status
[35m[HTTP][39m [37m<-- GET /status [39m[33m404[39m [90m1 ms - 211[39m
[35m[HTTP][39m [90m[39m
[35m[HTTP][39m [37m-->[39m [37mGET[39m [37m/status[39m
[35m[HTTP][39m [90m{}[39m
[debug] [35m[HTTP][39m No route found for /status
[35m[HTTP][39m [37m<-- GET /status [39m[33m404[39m [90m1 ms - 211[39m
[35m[HTTP][39m [90m[39m
[35m[HTTP][39m [37m-->[39m [37mGET[39m [37m/status[39m
[35m[HTTP][39m [90m{}[39m
[...]
[35m[HTTP][39m [90m[39m
[35m[HTTP][39m [37m-->[39m [37mGET[39m [37m/status[39m
[35m[HTTP][39m [90m{}[39m
[debug] [35m[HTTP][39m No route found for /status
[35m[HTTP][39m [37m<-- GET /status [39m[33m404[39m [90m2 ms - 211[39m
[35m[HTTP][39m [90m[39m
[35m[HTTP][39m [37m-->[39m [37mGET[39m [37m/status[39m
[35m[HTTP][39m [90m{}[39m
[debug] [35m[HTTP][39m No route found for /status
[35m[HTTP][39m [37m<-- GET /status [39m[33m404[39m [90m1 ms - 211[39m
[35m[HTTP][39m [90m[39m
[35m[HTTP][39m [37m-->[39m [37mGET[39m [37m/status[39m
[35m[HTTP][39m [90m{}[39m
[debug] [35m[HTTP][39m No route found for /status
[35m[HTTP][39m [37m<-- GET /status [39m[33m404[39m [90m2 ms - 211[39m
[35m[HTTP][39m [90m[39m
[35m[HTTP][39m [37m-->[39m [37mGET[39m [37m/status[39m
[35m[HTTP][39m [90m{}[39m
[debug] [35m[HTTP][39m No route found for /status
[35m[HTTP][39m [37m<-- GET /status [39m[33m404[39m [90m2 ms - 211[39m
[35m[HTTP][39m [90m[39m
[35m[HTTP][39m [37m-->[39m [37mGET[39m [37m/status[39m
[35m[HTTP][39m [90m{}[39m
[debug] [35m[HTTP][39m No route found for /status
[35m[HTTP][39m [37m<-- GET /status [39m[33m404[39m [90m1 ms - 211[39m
[35m[HTTP][39m [90m[39m
[35m[HTTP][39m [37m-->[39m [37mGET[39m [37m/status[39m
[35m[HTTP][39m [90m{}[39m
[debug] [35m[HTTP][39m No route found for /status
[35m[HTTP][39m [37m<-- GET /status [39m[33m404[39m [90m1 ms - 211[39m
[35m[HTTP][39m [90m[39m
[35m[HTTP][39m [37m-->[39m [37mGET[39m [37m/status[39m
[35m[HTTP][39m [90m{}[39m
[debug] [35m[HTTP][39m No route found for /status
[35m[HTTP][39m [37m<-- GET /status [39m[33m404[39m [90m3 ms - 211[39m
[35m[HTTP][39m [90m[39m
[35m[HTTP][39m [37m-->[39m [37mGET[39m [37m/status[39m
[35m[HTTP][39m [90m{}[39m
[debug] [35m[HTTP][39m No route found for /status
[35m[HTTP][39m [37m<-- GET /status [39m[33m404[39m [90m1 ms - 211[39m
[35m[HTTP][39m [90m[39m
[35m[HTTP][39m [37m-->[39m [37mGET[39m [37m/status[39m
[35m[HTTP][39m [90m{}[39m
[debug] [35m[HTTP][39m No route found for /status
[35m[HTTP][39m [37m<-- GET /status [39m[33m404[39m [90m3 ms - 211[39m
[35m[HTTP][39m [90m[39m
[35m[HTTP][39m [37m-->[39m [37mGET[39m [37m/status[39m
[35m[HTTP][39m [90m{}[39m
[debug] [35m[HTTP][39m No route found for /status
[35m[HTTP][39m [37m<-- GET /status [39m[33m404[39m [90m3 ms - 211[39m
[35m[HTTP][39m [90m[39m
[35m[HTTP][39m [37m-->[39m [37mGET[39m [37m/status[39m
[35m[HTTP][39m [90m{}[39m
[debug] [35m[HTTP][39m No route found for /status
[35m[HTTP][39m [37m<-- GET /status [39m[33m404[39m [90m4 ms - 211[39m
[35m[HTTP][39m [90m[39m
[35m[HTTP][39m [37m-->[39m [37mGET[39m [37m/status[39m
[35m[HTTP][39m [90m{}[39m
[debug] [35m[HTTP][39m No route found for /status
[35m[HTTP][39m [37m<-- GET /status [39m[33m404[39m [90m4 ms - 211[39m
[35m[HTTP][39m [90m[39m
[35m[HTTP][39m [37m-->[39m [37mGET[39m [37m/status[39m
[35m[HTTP][39m [90m{}[39m
[debug] [35m[HTTP][39m No route found for /status
[35m[HTTP][39m [37m<-- GET /status [39m[33m404[39m [90m3 ms - 211[39m
[35m[HTTP][39m [90m[39m
[35m[HTTP][39m [37m-->[39m [37mGET[39m [37m/status[39m
[35m[HTTP][39m [90m{}[39m
[debug] [35m[HTTP][39m No route found for /status
[35m[HTTP][39m [37m<-- GET /status [39m[33m404[39m [90m1 ms - 211[39m
[35m[HTTP][39m [90m[39m
[35m[HTTP][39m [37m-->[39m [37mGET[39m [37m/status[39m
[35m[HTTP][39m [90m{}[39m
[debug] [35m[HTTP][39m No route found for /status
[35m[HTTP][39m [37m<-- GET /status [39m[33m404[39m [90m2 ms - 211[39m
[35m[HTTP][39m [90m[39m
[35m[HTTP][39m [37m-->[39m [37mGET[39m [37m/status[39m
[35m[HTTP][39m [90m{}[39m
[debug] [35m[HTTP][39m No route found for /status
[35m[HTTP][39m [37m<-- GET /status [39m[33m404[39m [90m1 ms - 211[39m
[35m[HTTP][39m [90m[39m
[35m[HTTP][39m [37m-->[39m [37mGET[39m [37m/status[39m
[35m[HTTP][39m [90m{}[39m
[debug] [35m[HTTP][39m No route found for /status
[35m[HTTP][39m [37m<-- GET /status [39m[33m404[39m [90m1 ms - 211[39m
[35m[HTTP][39m [90m[39m
[35m[HTTP][39m [37m-->[39m [37mGET[39m [37m/status[39m
[35m[HTTP][39m [90m{}[39m
[debug] [35m[HTTP][39m No route found for /status
[35m[HTTP][39m [37m<-- GET /status [39m[33m404[39m [90m3 ms - 211[39m
[35m[HTTP][39m [90m[39m
[35m[HTTP][39m [37m-->[39m [37mGET[39m [37m/status[39m
[35m[HTTP][39m [90m{}[39m
[debug] [35m[HTTP][39m No route found for /status
[35m[HTTP][39m [37m<-- GET /status [39m[33m404[39m [90m2 ms - 211[39m
[35m[HTTP][39m [90m[39m
[35m[HTTP][39m [37m-->[39m [37mGET[39m [37m/status[39m
[35m[HTTP][39m [90m{}[39m
[debug] [35m[HTTP][39m No route found for /status
[35m[HTTP][39m [37m<-- GET /status [39m[33m404[39m [90m4 ms - 211[39m
[35m[HTTP][39m [90m[39m

]]>
            </message>
            <full-stacktrace>
              <![CDATA[io.appium.java_client.service.local.AppiumServerHasNotBeenStartedLocallyException: The local appium server has not been started. The given Node.js executable: C:\Program Files\nodejs\node.exe Arguments: [C:\Users\Viraj\AppData\Roaming\npm\node_modules\appium\build\lib\main.js, --port, 4723, --address, 0.0.0.0] 
Process output: [35m[Appium][39m Welcome to Appium v1.22.3
[35m[Appium][39m Appium REST http interface listener started on 0.0.0.0:4723
[35m[HTTP][39m [37m-->[39m [37mGET[39m [37m/status[39m
[35m[HTTP][39m [90m{}[39m
[debug] [35m[HTTP][39m No route found for /status
[35m[HTTP][39m [37m<-- GET /status [39m[33m404[39m [90m24 ms - 211[39m
[35m[HTTP][39m [90m[39m
[35m[HTTP][39m [37m-->[39m [37mGET[39m [37m/status[39m
[35m[HTTP][39m [90m{}[39m
[debug] [35m[HTTP][39m No route found for /status
[35m[HTTP][39m [37m<-- GET /status [39m[33m404[39m [90m65 ms - 211[39m
[35m[HTTP][39m [90m[39m
[35m[HTTP][39m [37m-->[39m [37mGET[39m [37m/status[39m
[35m[HTTP][39m [90m{}[39m
[debug] [35m[HTTP][39m No route found for /status
[35m[HTTP][39m [37m<-- GET /status [39m[33m404[39m [90m4 ms - 211[39m
[35m[HTTP][39m [90m[39m
[35m[HTTP][39m [37m-->[39m [37mGET[39m [37m/status[39m
[35m[HTTP][39m [90m{}[39m
[debug] [35m[HTTP][39m No route found for /status
[35m[HTTP][39m [37m<-- GET /status [39m[33m404[39m [90m3 ms - 211[39m
[35m[HTTP][39m [90m[39m
[35m[HTTP][39m [37m-->[39m [37mGET[39m [37m/status[39m
[35m[HTTP][39m [90m{}[39m
[debug] [35m[HTTP][39m No route found for /status
[35m[HTTP][39m [37m<-- GET /status [39m[33m404[39m [90m5 ms - 211[39m
[35m[HTTP][39m [90m[39m
[35m[HTTP][39m [37m-->[39m [37mGET[39m [37m/status[39m
[35m[HTTP][39m [90m{}[39m
[debug] [35m[HTTP][39m No route found for /status
[35m[HTTP][39m [37m<-- GET /status [39m[33m404[39m [90m2 ms - 211[39m
[35m[HTTP][39m [90m[39m
[35m[HTTP][39m [37m-->[39m [37mGET[39m [37m/status[39m
[35m[HTTP][39m [90m{}[39m
[debug] [35m[HTTP][39m No route found for /status
[35m[HTTP][39m [37m<-- GET /status [39m[33m404[39m [90m5 ms - 211[39m
[35m[HTTP][39m [90m[39m
[35m[HTTP][39m [37m-->[39m [37mGET[39m [37m/status[39m
[35m[HTTP][39m [90m{}[39m
[debug] [35m[HTTP][39m No route found for /status
[35m[HTTP][39m [37m<-- GET /status [39m[33m404[39m [90m4 ms - 211[39m
[35m[HTTP][39m [90m[39m
[35m[HTTP][39m [37m-->[39m [37mGET[39m [37m/status[39m
[35m[HTTP][39m [90m{}[39m
[debug] [35m[HTTP][39m No route found for /status
[35m[HTTP][39m [37m<-- GET /status [39m[33m404[39m [90m4 ms - 211[39m
[35m[HTTP][39m [90m[39m
[35m[HTTP][39m [37m-->[39m [37mGET[39m [37m/status[39m
[35m[HTTP][39m [90m{}[39m
[debug] [35m[HTTP][39m No route found for /status
[35m[HTTP][39m [37m<-- GET /status [39m[33m404[39m [90m5 ms - 211[39m
[35m[HTTP][39m [90m[39m
[35m[HTTP][39m [37m-->[39m [37mGET[39m [37m/status[39m
[35m[HTTP][39m [90m{}[39m
[debug] [35m[HTTP][39m No route found for /status
[35m[HTTP][39m [37m<-- GET /status [39m[33m404[39m [90m5 ms - 211[39m
[35m[HTTP][39m [90m[39m
[35m[HTTP][39m [37m-->[39m [37mGET[39m [37m/status[39m
[35m[HTTP][39m [90m{}[39m
[debug] [35m[HTTP][39m No route found for /status
[35m[HTTP][39m [37m<-- GET /status [39m[33m404[39m [90m2 ms - 211[39m
[35m[HTTP][39m [90m[39m
[35m[HTTP][39m [37m-->[39m [37mGET[39m [37m/status[39m
[35m[HTTP][39m [90m{}[39m
[debug] [35m[HTTP][39m No route found for /status
[35m[HTTP][39m [37m<-- GET /status [39m[33m404[39m [90m1 ms - 211[39m
[35m[HTTP][39m [90m[39m
[35m[HTTP][39m [37m-->[39m [37mGET[39m [37m/status[39m
[35m[HTTP][39m [90m{}[39m
[debug] [35m[HTTP][39m No route found for /status
[35m[HTTP][39m [37m<-- GET /status [39m[33m404[39m [90m2 ms - 211[39m
[35m[HTTP][39m [90m[39m
[35m[HTTP][39m [37m-->[39m [37mGET[39m [37m/status[39m
[35m[HTTP][39m [90m{}[39m
[debug] [35m[HTTP][39m No route found for /status
[35m[HTTP][39m [37m<-- GET /status [39m[33m404[39m [90m2 ms - 211[39m
[35m[HTTP][39m [90m[39m
[35m[HTTP][39m [37m-->[39m [37mGET[39m [37m/status[39m
[35m[HTTP][39m [90m{}[39m
[debug] [35m[HTTP][39m No route found for /status
[35m[HTTP][39m [37m<-- GET /status [39m[33m404[39m [90m1 ms - 211[39m
[35m[HTTP][39m [90m[39m
[35m[HTTP][39m [37m-->[39m [37mGET[39m [37m/status[39m
[35m[HTTP][39m [90m{}[39m
[debug] [35m[HTTP][39m No route found for /status
[35m[HTTP][39m [37m<-- GET /status [39m[33m404[39m [90m1 ms - 211[39m
[35m[HTTP][39m [90m[39m
[35m[HTTP][39m [37m-->[39m [37mGET[39m [37m/status[39m
[35m[HTTP][39m [90m{}[39m
[debug] [35m[HTTP][39m No route found for /status
[35m[HTTP][39m [37m<-- GET /status [39m[33m404[39m [90m2 ms - 211[39m
[35m[HTTP][39m [90m[39m
[35m[HTTP][39m [37m-->[39m [37mGET[39m [37m/status[39m
[35m[HTTP][39m [90m{}[39m
[debug] [35m[HTTP][39m No route found for /status
[35m[HTTP][39m [37m<-- GET /status [39m[33m404[39m [90m2 ms - 211[39m
[35m[HTTP][39m [90m[39m
[35m[HTTP][39m [37m-->[39m [37mGET[39m [37m/status[39m
[35m[HTTP][39m [90m{}[39m
[debug] [35m[HTTP][39m No route found for /status
[35m[HTTP][39m [37m<-- GET /status [39m[33m404[39m [90m1 ms - 211[39m
[35m[HTTP][39m [90m[39m
[35m[HTTP][39m [37m-->[39m [37mGET[39m [37m/status[39m
[35m[HTTP][39m [90m{}[39m
[debug] [35m[HTTP][39m No route found for /status
[35m[HTTP][39m [37m<-- GET /status [39m[33m404[39m [90m2 ms - 211[39m
[35m[HTTP][39m [90m[39m
[35m[HTTP][39m [37m-->[39m [37mGET[39m [37m/status[39m
[35m[HTTP][39m [90m{}[39m
[debug] [35m[HTTP][39m No route found for /status
[35m[HTTP][39m [37m<-- GET /status [39m[33m404[39m [90m3 ms - 211[39m
[35m[HTTP][39m [90m[39m
[35m[HTTP][39m [37m-->[39m [37mGET[39m [37m/status[39m
[35m[HTTP][39m [90m{}[39m
[debug] [35m[HTTP][39m No route found for /status
[35m[HTTP][39m [37m<-- GET /status [39m[33m404[39m [90m4 ms - 211[39m
[35m[HTTP][39m [90m[39m
[35m[HTTP][39m [37m-->[39m [37mGET[39m [37m/status[39m
[35m[HTTP][39m [90m{}[39m
[debug] [35m[HTTP][39m No route found for /status
[35m[HTTP][39m [37m<-- GET /status [39m[33m404[39m [90m3 ms - 211[39m
[35m[HTTP][39m [90m[39m
[35m[HTTP][39m [37m-->[39m [37mGET[39m [37m/status[39m
[35m[HTTP][39m [90m{}[39m
[debug] [35m[HTTP][39m No route found for /status
[35m[HTTP][39m [37m<-- GET /status [39m[33m404[39m [90m2 ms - 211[39m
[35m[HTTP][39m [90m[39m
[35m[HTTP][39m [37m-->[39m [37mGET[39m [37m/status[39m
[35m[HTTP][39m [90m{}[39m
[debug] [35m[HTTP][39m No route found for /status
[35m[HTTP][39m [37m<-- GET /status [39m[33m404[39m [90m1 ms - 211[39m
[35m[HTTP][39m [90m[39m
[35m[HTTP][39m [37m-->[39m [37mGET[39m [37m/status[39m
[35m[HTTP][39m [90m{}[39m
[debug] [35m[HTTP][39m No route found for /status
[35m[HTTP][39m [37m<-- GET /status [39m[33m404[39m [90m3 ms - 211[39m
[35m[HTTP][39m [90m[39m
[35m[HTTP][39m [37m-->[39m [37mGET[39m [37m/status[39m
[35m[HTTP][39m [90m{}[39m
[debug] [35m[HTTP][39m No route found for /status
[35m[HTTP][39m [37m<-- GET /status [39m[33m404[39m [90m3 ms - 211[39m
[35m[HTTP][39m [90m[39m
[35m[HTTP][39m [37m-->[39m [37mGET[39m [37m/status[39m
[35m[HTTP][39m [90m{}[39m
[debug] [35m[HTTP][39m No route found for /status
[35m[HTTP][39m [37m<-- GET /status [39m[33m404[39m [90m4 ms - 211[39m
[35m[HTTP][39m [90m[39m
[35m[HTTP][39m [37m-->[39m [37mGET[39m [37m/status[39m
[35m[HTTP][39m [90m{}[39m
[debug] [35m[HTTP][39m No route found for /status
[35m[HTTP][39m [37m<-- GET /status [39m[33m404[39m [90m3 ms - 211[39m
[35m[HTTP][39m [90m[39m
[35m[HTTP][39m [37m-->[39m [37mGET[39m [37m/status[39m
[35m[HTTP][39m [90m{}[39m
[debug] [35m[HTTP][39m No route found for /status
[35m[HTTP][39m [37m<-- GET /status [39m[33m404[39m [90m4 ms - 211[39m
[35m[HTTP][39m [90m[39m
[35m[HTTP][39m [37m-->[39m [37mGET[39m [37m/status[39m
[35m[HTTP][39m [90m{}[39m
[debug] [35m[HTTP][39m No route found for /status
[35m[HTTP][39m [37m<-- GET /status [39m[33m404[39m [90m3 ms - 211[39m
[35m[HTTP][39m [90m[39m
[35m[HTTP][39m [37m-->[39m [37mGET[39m [37m/status[39m
[35m[HTTP][39m [90m{}[39m
[debug] [35m[HTTP][39m No route found for /status
[35m[HTTP][39m [37m<-- GET /status [39m[33m404[39m [90m2 ms - 211[39m
[35m[HTTP][39m [90m[39m
[35m[HTTP][39m [37m-->[39m [37mGET[39m [37m/status[39m
[35m[HTTP][39m [90m{}[39m
[debug] [35m[HTTP][39m No route found for /status
[35m[HTTP][39m [37m<-- GET /status [39m[33m404[39m [90m1 ms - 211[39m
[35m[HTTP][39m [90m[39m
[35m[HTTP][39m [37m-->[39m [37mGET[39m [37m/status[39m
[35m[HTTP][39m [90m{}[39m
[debug] [35m[HTTP][39m No route found for /status
[35m[HTTP][39m [37m<-- GET /status [39m[33m404[39m [90m2 ms - 211[39m
[35m[HTTP][39m [90m[39m
[35m[HTTP][39m [37m-->[39m [37mGET[39m [37m/status[39m
[35m[HTTP][39m [90m{}[39m
[debug] [35m[HTTP][39m No route found for /status
[35m[HTTP][39m [37m<-- GET /status [39m[33m404[39m [90m2 ms - 211[39m
[35m[HTTP][39m [90m[39m
[35m[HTTP][39m [37m-->[39m [37mGET[39m [37m/status[39m
[35m[HTTP][39m [90m{}[39m
[debug] [35m[HTTP][39m No route found for /status
[35m[HTTP][39m [37m<-- GET /status [39m[33m404[39m [90m1 ms - 211[39m
[35m[HTTP][39m [90m[39m
[35m[HTTP][39m [37m-->[39m [37mGET[39m [37m/status[39m
[35m[HTTP][39m [90m{}[39m
[debug] [35m[HTTP][39m No route found for /status
[35m[HTTP][39m [37m<-- GET /status [39m[33m404[39m [90m1 ms - 211[39m
[35m[HTTP][39m [90m[39m
[35m[HTTP][39m [37m-->[39m [37mGET[39m [37m/status[39m
[35m[HTTP][39m [90m{}[39m
[debug] [35m[HTTP][39m No route found for /status
[35m[HTTP][39m [37m<-- GET /status [39m[33m404[39m [90m3 ms - 211[39m
[35m[HTTP][39m [90m[39m
[35m[HTTP][39m [37m-->[39m [37mGET[39m [37m/status[39m
[35m[HTTP][39m [90m{}[39m
[debug] [35m[HTTP][39m No route found for /status
[35m[HTTP][39m [37m<-- GET /status [39m[33m404[39m [90m1 ms - 211[39m
[35m[HTTP][39m [90m[39m
[35m[HTTP][39m [37m-->[39m [37mGET[39m [37m/status[39m
[35m[HTTP][39m [90m{}[39m
[debug] [35m[HTTP][39m No route found for /status
[35m[HTTP][39m [37m<-- GET /status [39m[33m404[39m [90m3 ms - 211[39m
[35m[HTTP][39m [90m[39m
[35m[HTTP][39m [37m-->[39m [37mGET[39m [37m/status[39m
[35m[HTTP][39m [90m{}[39m
[debug] [35m[HTTP][39m No route found for /status
[35m[HTTP][39m [37m<-- GET /status [39m[33m404[39m [90m3 ms - 211[39m
[35m[HTTP][39m [90m[39m
[35m[HTTP][39m [37m-->[39m [37mGET[39m [37m/status[39m
[35m[HTTP][39m [90m{}[39m
[debug] [35m[HTTP][39m No route found for /status
[35m[HTTP][39m [37m<-- GET /status [39m[33m404[39m [90m4 ms - 211[39m
[35m[HTTP][39m [90m[39m
[35m[HTTP][39m [37m-->[39m [37mGET[39m [37m/status[39m
[35m[HTTP][39m [90m{}[39m
[debug] [35m[HTTP][39m No route found for /status
[35m[HTTP][39m [37m<-- GET /status [39m[33m404[39m [90m4 ms - 211[39m
[35m[HTTP][39m [90m[39m
[35m[HTTP][39m [37m-->[39m [37mGET[39m [37m/status[39m
[35m[HTTP][39m [90m{}[39m
[debug] [35m[HTTP][39m No route found for /status
[35m[HTTP][39m [37m<-- GET /status [39m[33m404[39m [90m3 ms - 211[39m
[35m[HTTP][39m [90m[39m
[35m[HTTP][39m [37m-->[39m [37mGET[39m [37m/status[39m
[35m[HTTP][39m [90m{}[39m
[debug] [35m[HTTP][39m No route found for /status
[35m[HTTP][39m [37m<-- GET /status [39m[33m404[39m [90m1 ms - 211[39m
[35m[HTTP][39m [90m[39m
[35m[HTTP][39m [37m-->[39m [37mGET[39m [37m/status[39m
[35m[HTTP][39m [90m{}[39m
[debug] [35m[HTTP][39m No route found for /status
[35m[HTTP][39m [37m<-- GET /status [39m[33m404[39m [90m2 ms - 211[39m
[35m[HTTP][39m [90m[39m
[35m[HTTP][39m [37m-->[39m [37mGET[39m [37m/status[39m
[35m[HTTP][39m [90m{}[39m
[debug] [35m[HTTP][39m No route found for /status
[35m[HTTP][39m [37m<-- GET /status [39m[33m404[39m [90m1 ms - 211[39m
[35m[HTTP][39m [90m[39m
[35m[HTTP][39m [37m-->[39m [37mGET[39m [37m/status[39m
[35m[HTTP][39m [90m{}[39m
[debug] [35m[HTTP][39m No route found for /status
[35m[HTTP][39m [37m<-- GET /status [39m[33m404[39m [90m1 ms - 211[39m
[35m[HTTP][39m [90m[39m
[35m[HTTP][39m [37m-->[39m [37mGET[39m [37m/status[39m
[35m[HTTP][39m [90m{}[39m
[debug] [35m[HTTP][39m No route found for /status
[35m[HTTP][39m [37m<-- GET /status [39m[33m404[39m [90m3 ms - 211[39m
[35m[HTTP][39m [90m[39m
[35m[HTTP][39m [37m-->[39m [37mGET[39m [37m/status[39m
[35m[HTTP][39m [90m{}[39m
[debug] [35m[HTTP][39m No route found for /status
[35m[HTTP][39m [37m<-- GET /status [39m[33m404[39m [90m2 ms - 211[39m
[35m[HTTP][39m [90m[39m
[35m[HTTP][39m [37m-->[39m [37mGET[39m [37m/status[39m
[35m[HTTP][39m [90m{}[39m
[debug] [35m[HTTP][39m No route found for /status
[35m[HTTP][39m [37m<-- GET /status [39m[33m404[39m [90m4 ms - 211[39m
[35m[HTTP][39m [90m[39m


at io.appium.java_client.service.local.AppiumDriverLocalService.start(AppiumDriverLocalService.java:190)
at resources.Base.configApp(Base.java:30)
at java.base/jdk.internal.reflect.NativeMethodAccessorImpl.invoke0(Native Method)
at java.base/jdk.internal.reflect.NativeMethodAccessorImpl.invoke(NativeMethodAccessorImpl.java:77)
at java.base/jdk.internal.reflect.DelegatingMethodAccessorImpl.invoke(DelegatingMethodAccessorImpl.java:43)
at java.base/java.lang.reflect.Method.invoke(Method.java:568)
at org.testng.internal.MethodInvocationHelper.invokeMethod(MethodInvocationHelper.java:133)
at org.testng.internal.MethodInvocationHelper.invokeMethodConsideringTimeout(MethodInvocationHelper.java:62)
at org.testng.internal.ConfigInvoker.invokeConfigurationMethod(ConfigInvoker.java:385)
at org.testng.internal.ConfigInvoker.invokeConfigurations(ConfigInvoker.java:321)
at org.testng.TestRunner.invokeTestConfigurations(TestRunner.java:637)
at org.testng.TestRunner.beforeRun(TestRunner.java:627)
at org.testng.TestRunner.run(TestRunner.java:589)
at org.testng.SuiteRunner.runTest(SuiteRunner.java:377)
at org.testng.SuiteRunner.runSequentially(SuiteRunner.java:371)
at org.testng.SuiteRunner.privateRun(SuiteRunner.java:332)
at org.testng.SuiteRunner.run(SuiteRunner.java:276)
at org.testng.SuiteRunnerWorker.runSuite(SuiteRunnerWorker.java:53)
at org.testng.SuiteRunnerWorker.run(SuiteRunnerWorker.java:96)
at org.testng.TestNG.runSuitesSequentially(TestNG.java:1212)
at org.testng.TestNG.runSuitesLocally(TestNG.java:1134)
at org.testng.TestNG.runSuites(TestNG.java:1063)
at org.testng.TestNG.run(TestNG.java:1031)
at org.testng.remote.AbstractRemoteTestNG.run(AbstractRemoteTestNG.java:115)
at org.testng.remote.RemoteTestNG.initAndRun(RemoteTestNG.java:251)
at org.testng.remote.RemoteTestNG.main(RemoteTestNG.java:77)
Caused by: org.openqa.selenium.net.UrlChecker$TimeoutException: Timed out waiting for [http://127.0.0.1:4723/status] to be available after 20015 ms
at org.openqa.selenium.net.UrlChecker.waitUntilAvailable(UrlChecker.java:89)
at io.appium.java_client.service.local.AppiumDriverLocalService.ping(AppiumDriverLocalService.java:155)
at io.appium.java_client.service.local.AppiumDriverLocalService.start(AppiumDriverLocalService.java:177)
... 25 more
Caused by: java.util.concurrent.TimeoutException
at java.base/java.util.concurrent.FutureTask.get(FutureTask.java:204)
at org.openqa.selenium.net.UrlChecker.waitUntilAvailable(UrlChecker.java:87)
... 27 more
]]>
            </full-stacktrace>
          </exception> <!-- io.appium.java_client.service.local.AppiumServerHasNotBeenStartedLocallyException -->
          <reporter-output>
          </reporter-output>
        </test-method> <!-- verify_product_is_added_to_cart -->
        <test-method is-config="true" signature="terminate()[pri:0, instance:TestCase.Landing_Page_Test@2805d709]" started-at="2022-08-18T13:41:51 IST" name="terminate" finished-at="1970-01-01T05:30:00 IST" duration-ms="-1660810311581" status="SKIP">
          <reporter-output>
          </reporter-output>
        </test-method> <!-- terminate -->
      </class> <!-- TestCase.Landing_Page_Test -->
    </test> <!-- Default test -->
  </suite> <!-- Default suite -->
</testng-results>
